<?xml version="1.0" encoding="UTF-8"?>
<!-- Generated by org.testng.reporters.JUnitXMLReporter -->
<testsuite ignored="0" hostname="WIN-LAP-057" failures="2" tests="29" name="Login Test Cases" time="414.761" errors="0" timestamp="2025-06-23T09:50:04 IST">
  <testcase classname="FO.Login" name="testloginpage" time="0.467"/>
  <testcase classname="FO.Login" name="testnegativelogin" time="0.405"/>
  <testcase classname="FO.Login" name="testnegativepassword" time="2.829"/>
  <testcase classname="FO.Login" name="testnegativeuserid" time="0.589"/>
  <testcase classname="FO.Login" name="testpositivepassword" time="0.695"/>
  <testcase classname="FO.Login" name="testpositiveuserid" time="0.594"/>
  <testcase classname="FO.Reservation" name="Test_Sucessfull_Login" time="4.725"/>
  <testcase classname="FO.Reservation" name="Test_Registration_page" time="3.314"/>
  <testcase classname="FO.Reservation" name="test_create_reservation_new_mode_mandatory_fields_TC_RS_01" time="8.698"/>
  <testcase classname="FO.Reservation" name="test_open_and_amend_saved_reservation_TC_RS_02" time="40.238"/>
  <testcase classname="FO.Reservation" name="test_verify_updated_details_open_mode_TC_RS_03" time="29.541"/>
  <testcase classname="FO.Reservation" name="test_cancel_reservation_with_reason_TC_RS_04" time="17.719"/>
  <testcase classname="FO.Reservation" name="test_verify_cancelled_reservation_visibility_TC_RS_05" time="46.938"/>
  <testcase classname="FO.Reservation" name="test_create_addon_reservation_from_existing_TC_RS_06" time="11.08"/>
  <testcase classname="FO.Reservation" name="test_verify_reservation_view_mode_TC_RS_11" time="19.904"/>
  <testcase classname="FO.Reservation" name="test_reinstate_cancelled_reservation_TC_RS_08" time="65.989"/>
  <testcase classname="FO.Reservation" name="test_addon_reservation_after_account_date_TC_RS_10" time="41.403"/>
  <testcase classname="FO.Reservation" name="test_split_reservation_multiple_rooms_TC_RS_07" time="15.807"/>
  <testcase classname="FO.Reservation" name="test_ledger_transactions_modify_open_mode_TC_RS_12" time="55.731"/>
  <testcase classname="FO.Reservation" name="test_ledger_transactions_modify_open_mode_TC_RS_12_Advance" time="33.038"/>
  <testcase classname="FO.Reservation_checkIN" name="Test_Sucessfull_Login" time="1.507">
    <failure type="org.openqa.selenium.StaleElementReferenceException" message="stale element reference: stale element not found
  (Session info: chrome=137.0.7151.104)
For documentation on this error, please visit: https://www.selenium.dev/documentation/webdriver/troubleshooting/errors#stale-element-reference-exception
Build info: version: &amp;apos;4.33.0&amp;apos;, revision: &amp;apos;2c6aaad03a&amp;apos;
System info: os.name: &amp;apos;Windows 10&amp;apos;, os.arch: &amp;apos;amd64&amp;apos;, os.version: &amp;apos;10.0&amp;apos;, java.version: &amp;apos;21.0.7&amp;apos;
Driver info: org.openqa.selenium.chrome.ChromeDriver
Command: [ee2c1f0a32a16bb001a654cdd81255e2, sendKeysToElement {id=f.B2D9934204E63459361A5828375174E0.d.DDC67AB0E50B1F6DF54BDEA38B374AA7.e.37, value=[Ljava.lang.CharSequence;@701c413}]
Capabilities {acceptInsecureCerts: false, browserName: chrome, browserVersion: 137.0.7151.104, chrome: {chromedriverVersion: 137.0.7151.68 (2989ffee9373..., userDataDir: C:\Users\Jeeva\AppData\Loca...}, fedcm:accounts: true, goog:chromeOptions: {debuggerAddress: localhost:55054}, networkConnectionEnabled: false, pageLoadStrategy: normal, platformName: windows, proxy: Proxy(), se:cdp: ws://localhost:55054/devtoo..., se:cdpVersion: 137.0.7151.104, setWindowRect: true, strictFileInteractability: false, timeouts: {implicit: 0, pageLoad: 300000, script: 30000}, unhandledPromptBehavior: dismiss and notify, webauthn:extension:credBlob: true, webauthn:extension:largeBlob: true, webauthn:extension:minPinLength: true, webauthn:extension:prf: true, webauthn:virtualAuthenticators: true}
Element: [[ChromeDriver: chrome on windows (ee2c1f0a32a16bb001a654cdd81255e2)] -&amp;gt; id: Password]
Session ID: ee2c1f0a32a16bb001a654cdd81255e2">
      <![CDATA[org.openqa.selenium.StaleElementReferenceException: stale element reference: stale element not found
  (Session info: chrome=137.0.7151.104)
For documentation on this error, please visit: https://www.selenium.dev/documentation/webdriver/troubleshooting/errors#stale-element-reference-exception
Build info: version: '4.33.0', revision: '2c6aaad03a'
System info: os.name: 'Windows 10', os.arch: 'amd64', os.version: '10.0', java.version: '21.0.7'
Driver info: org.openqa.selenium.chrome.ChromeDriver
Command: [ee2c1f0a32a16bb001a654cdd81255e2, sendKeysToElement {id=f.B2D9934204E63459361A5828375174E0.d.DDC67AB0E50B1F6DF54BDEA38B374AA7.e.37, value=[Ljava.lang.CharSequence;@701c413}]
Capabilities {acceptInsecureCerts: false, browserName: chrome, browserVersion: 137.0.7151.104, chrome: {chromedriverVersion: 137.0.7151.68 (2989ffee9373..., userDataDir: C:\Users\Jeeva\AppData\Loca...}, fedcm:accounts: true, goog:chromeOptions: {debuggerAddress: localhost:55054}, networkConnectionEnabled: false, pageLoadStrategy: normal, platformName: windows, proxy: Proxy(), se:cdp: ws://localhost:55054/devtoo..., se:cdpVersion: 137.0.7151.104, setWindowRect: true, strictFileInteractability: false, timeouts: {implicit: 0, pageLoad: 300000, script: 30000}, unhandledPromptBehavior: dismiss and notify, webauthn:extension:credBlob: true, webauthn:extension:largeBlob: true, webauthn:extension:minPinLength: true, webauthn:extension:prf: true, webauthn:virtualAuthenticators: true}
Element: [[ChromeDriver: chrome on windows (ee2c1f0a32a16bb001a654cdd81255e2)] -> id: Password]
Session ID: ee2c1f0a32a16bb001a654cdd81255e2
at org.openqa.selenium.remote.ErrorCodec.decode(ErrorCodec.java:167)
at org.openqa.selenium.remote.codec.w3c.W3CHttpResponseCodec.decode(W3CHttpResponseCodec.java:138)
at org.openqa.selenium.remote.codec.w3c.W3CHttpResponseCodec.decode(W3CHttpResponseCodec.java:50)
at org.openqa.selenium.remote.HttpCommandExecutor.execute(HttpCommandExecutor.java:215)
at org.openqa.selenium.remote.service.DriverCommandExecutor.invokeExecute(DriverCommandExecutor.java:216)
at org.openqa.selenium.remote.service.DriverCommandExecutor.execute(DriverCommandExecutor.java:174)
at org.openqa.selenium.remote.RemoteWebDriver.execute(RemoteWebDriver.java:544)
at org.openqa.selenium.remote.RemoteWebElement.execute(RemoteWebElement.java:223)
at org.openqa.selenium.remote.RemoteWebElement.sendKeys(RemoteWebElement.java:110)
at FO.Reservation_checkIN.Test_Sucessfull_Login(Reservation_checkIN.java:82)
at java.base/java.util.ArrayList.forEach(ArrayList.java:1596)
... Removed 28 stack frames]]>
    </failure>
  </testcase> <!-- Test_Sucessfull_Login -->
  <testcase classname="FO.Reservation_checkIN" name="test_checkin_allowed_on_matching_arrival_and_account_date_TC_CI_01" time="0.001">
    <skipped/>
  </testcase> <!-- test_checkin_allowed_on_matching_arrival_and_account_date_TC_CI_01 -->
  <testcase classname="FO.Reservation_checkIN" name="test_perform_checkin_on_matching_dates_TC_CI_02" time="0.001">
    <skipped/>
  </testcase> <!-- test_perform_checkin_on_matching_dates_TC_CI_02 -->
  <testcase classname="FO.Reservation_checkIN" name="test_verify_registration_card_and_email_after_checkin_TC_CI_04" time="0.001">
    <skipped/>
  </testcase> <!-- test_verify_registration_card_and_email_after_checkin_TC_CI_04 -->
  <testcase classname="FO.Reservation_checkIN" name="test_create_walkin_reservation_and_checkin_TC_WI_01" time="0.0">
    <skipped/>
  </testcase> <!-- test_create_walkin_reservation_and_checkin_TC_WI_01 -->
  <testcase classname="FO.Reservation_checkIN" name="test_print_registration_card_with_filters_TC_RC_01" time="0.0">
    <skipped/>
  </testcase> <!-- test_print_registration_card_with_filters_TC_RC_01 -->
  <testcase classname="FO.Advance_distribution" name="Test_Sucessfull_Login" time="1.547">
    <failure type="org.openqa.selenium.StaleElementReferenceException" message="stale element reference: stale element not found
  (Session info: chrome=137.0.7151.104)
For documentation on this error, please visit: https://www.selenium.dev/documentation/webdriver/troubleshooting/errors#stale-element-reference-exception
Build info: version: &amp;apos;4.33.0&amp;apos;, revision: &amp;apos;2c6aaad03a&amp;apos;
System info: os.name: &amp;apos;Windows 10&amp;apos;, os.arch: &amp;apos;amd64&amp;apos;, os.version: &amp;apos;10.0&amp;apos;, java.version: &amp;apos;21.0.7&amp;apos;
Driver info: org.openqa.selenium.chrome.ChromeDriver
Command: [91de46dbf056ad56a6e96ad7af57915f, sendKeysToElement {id=f.879ADD73FB6A82B0C5E78F28B9C001E7.d.CD5757ED45DFD8728DE649A8B21E6DFB.e.39, value=[Ljava.lang.CharSequence;@69860811}]
Capabilities {acceptInsecureCerts: false, browserName: chrome, browserVersion: 137.0.7151.104, chrome: {chromedriverVersion: 137.0.7151.68 (2989ffee9373..., userDataDir: C:\Users\Jeeva\AppData\Loca...}, fedcm:accounts: true, goog:chromeOptions: {debuggerAddress: localhost:55087}, networkConnectionEnabled: false, pageLoadStrategy: normal, platformName: windows, proxy: Proxy(), se:cdp: ws://localhost:55087/devtoo..., se:cdpVersion: 137.0.7151.104, setWindowRect: true, strictFileInteractability: false, timeouts: {implicit: 0, pageLoad: 300000, script: 30000}, unhandledPromptBehavior: dismiss and notify, webauthn:extension:credBlob: true, webauthn:extension:largeBlob: true, webauthn:extension:minPinLength: true, webauthn:extension:prf: true, webauthn:virtualAuthenticators: true}
Element: [[ChromeDriver: chrome on windows (91de46dbf056ad56a6e96ad7af57915f)] -&amp;gt; id: Password]
Session ID: 91de46dbf056ad56a6e96ad7af57915f">
      <![CDATA[org.openqa.selenium.StaleElementReferenceException: stale element reference: stale element not found
  (Session info: chrome=137.0.7151.104)
For documentation on this error, please visit: https://www.selenium.dev/documentation/webdriver/troubleshooting/errors#stale-element-reference-exception
Build info: version: '4.33.0', revision: '2c6aaad03a'
System info: os.name: 'Windows 10', os.arch: 'amd64', os.version: '10.0', java.version: '21.0.7'
Driver info: org.openqa.selenium.chrome.ChromeDriver
Command: [91de46dbf056ad56a6e96ad7af57915f, sendKeysToElement {id=f.879ADD73FB6A82B0C5E78F28B9C001E7.d.CD5757ED45DFD8728DE649A8B21E6DFB.e.39, value=[Ljava.lang.CharSequence;@69860811}]
Capabilities {acceptInsecureCerts: false, browserName: chrome, browserVersion: 137.0.7151.104, chrome: {chromedriverVersion: 137.0.7151.68 (2989ffee9373..., userDataDir: C:\Users\Jeeva\AppData\Loca...}, fedcm:accounts: true, goog:chromeOptions: {debuggerAddress: localhost:55087}, networkConnectionEnabled: false, pageLoadStrategy: normal, platformName: windows, proxy: Proxy(), se:cdp: ws://localhost:55087/devtoo..., se:cdpVersion: 137.0.7151.104, setWindowRect: true, strictFileInteractability: false, timeouts: {implicit: 0, pageLoad: 300000, script: 30000}, unhandledPromptBehavior: dismiss and notify, webauthn:extension:credBlob: true, webauthn:extension:largeBlob: true, webauthn:extension:minPinLength: true, webauthn:extension:prf: true, webauthn:virtualAuthenticators: true}
Element: [[ChromeDriver: chrome on windows (91de46dbf056ad56a6e96ad7af57915f)] -> id: Password]
Session ID: 91de46dbf056ad56a6e96ad7af57915f
at org.openqa.selenium.remote.ErrorCodec.decode(ErrorCodec.java:167)
at org.openqa.selenium.remote.codec.w3c.W3CHttpResponseCodec.decode(W3CHttpResponseCodec.java:138)
at org.openqa.selenium.remote.codec.w3c.W3CHttpResponseCodec.decode(W3CHttpResponseCodec.java:50)
at org.openqa.selenium.remote.HttpCommandExecutor.execute(HttpCommandExecutor.java:215)
at org.openqa.selenium.remote.service.DriverCommandExecutor.invokeExecute(DriverCommandExecutor.java:216)
at org.openqa.selenium.remote.service.DriverCommandExecutor.execute(DriverCommandExecutor.java:174)
at org.openqa.selenium.remote.RemoteWebDriver.execute(RemoteWebDriver.java:544)
at org.openqa.selenium.remote.RemoteWebElement.execute(RemoteWebElement.java:223)
at org.openqa.selenium.remote.RemoteWebElement.sendKeys(RemoteWebElement.java:110)
at FO.Advance_distribution.Test_Sucessfull_Login(Advance_distribution.java:79)
at java.base/java.util.ArrayList.forEach(ArrayList.java:1596)
... Removed 28 stack frames]]>
    </failure>
  </testcase> <!-- Test_Sucessfull_Login -->
  <testcase classname="FO.Advance_distribution" name="test_select_advance_type_and_reservation_room_TC_AD_01_Reservation" time="0.0">
    <skipped/>
  </testcase> <!-- test_select_advance_type_and_reservation_room_TC_AD_01_Reservation -->
  <testcase classname="FO.Advance_distribution" name="test_select_advance_type_and_reservation_room_TC_AD_01_CheckIN" time="0.0">
    <skipped/>
  </testcase> <!-- test_select_advance_type_and_reservation_room_TC_AD_01_CheckIN -->
</testsuite> <!-- Login Test Cases -->
