<!DOCTYPE html PUBLIC "-//W3C//DTD XHTML 1.1//EN" "https://www.w3.org/TR/xhtml11/DTD/xhtml11.dtd">
<html xmlns="https://www.w3.org/1999/xhtml">
<head>
<meta http-equiv="content-type" content="text/html; charset=UTF-8"/>
<title>TestNG Report</title>
<style type="text/css">table {margin-bottom:10px;border-collapse:collapse;empty-cells:show}th,td {border:1px solid #009;padding:.25em .5em}th {vertical-align:bottom}td {vertical-align:top}table a {font-weight:bold}.stripe td {background-color: #E6EBF9}.num {text-align:right}.passedodd td {background-color: #3F3}.passedeven td {background-color: #0A0}.skippedodd td {background-color: #DDD}.skippedeven td {background-color: #CCC}.failedodd td,.attn {background-color: #F33}.failedeven td,.stripe .attn {background-color: #D00}.stacktrace {white-space:pre;font-family:monospace}.totop {font-size:85%;text-align:center;border-bottom:2px solid #000}.invisible {display:none}</style>
</head>
<body>
<table>
<tr><th>Test</th><th># Passed</th><th># Skipped</th><th># Retried</th><th># Failed</th><th>Time (ms)</th><th>Included Groups</th><th>Excluded Groups</th></tr>
<tr><th colspan="8">Test Suite with Chart Reporter</th></tr>
<tr><td><a href="#t0">Login Test Cases</a></td><td class="num">18</td><td class="num">0</td><td class="num">0</td><td class="num attn">8</td><td class="num">801,213</td><td></td><td></td></tr>
</table>
<table id='summary'><thead><tr><th>Class</th><th>Method</th><th>Start</th><th>Time (ms)</th></tr></thead><tbody><tr><th colspan="4">Test Suite with Chart Reporter</th></tr></tbody><tbody id="t0"><tr><th colspan="4">Login Test Cases &#8212; failed</th></tr><tr class="failedeven"><td rowspan="4">FO.Login</td><td><a href="#m0">testnegativepassword</a></td><td rowspan="1">1750306398104</td><td rowspan="1">208</td></tr><tr class="failedeven"><td><a href="#m1">testnegativeuserid</a></td><td rowspan="1">1750306398476</td><td rowspan="1">134</td></tr><tr class="failedeven"><td><a href="#m2">testpositivepassword</a></td><td rowspan="1">1750306398748</td><td rowspan="1">138</td></tr><tr class="failedeven"><td><a href="#m3">testpositiveuserid</a></td><td rowspan="1">1750306399057</td><td rowspan="1">161</td></tr><tr class="failedodd"><td rowspan="2">FO.Reservation</td><td><a href="#m4">test_split_reservation_multiple_rooms_TC_RS_07</a></td><td rowspan="1">1750306729149</td><td rowspan="1">18212</td></tr><tr class="failedodd"><td><a href="#m5">test_verify_updated_details_open_mode_TC_RS_03</a></td><td rowspan="1">1750306452628</td><td rowspan="1">54183</td></tr><tr class="failedeven"><td rowspan="2">FO.Reservation_checkIN</td><td><a href="#m6">test_print_registration_card_with_filters_TC_RC_01</a></td><td rowspan="1">1750306995065</td><td rowspan="1">199370</td></tr><tr class="failedeven"><td><a href="#m7">test_verify_registration_card_and_email_after_checkin_TC_CI_04</a></td><td rowspan="1">1750306940739</td><td rowspan="1">35756</td></tr><tr><th colspan="4">Login Test Cases &#8212; passed</th></tr><tr class="passedeven"><td rowspan="2">FO.Login</td><td><a href="#m8">testloginpage</a></td><td rowspan="1">1750306396028</td><td rowspan="1">790</td></tr><tr class="passedeven"><td><a href="#m9">testnegativelogin</a></td><td rowspan="1">1750306397203</td><td rowspan="1">745</td></tr><tr class="passedodd"><td rowspan="12">FO.Reservation</td><td><a href="#m10">Test_Registration_page</a></td><td rowspan="1">1750306403773</td><td rowspan="1">2834</td></tr><tr class="passedodd"><td><a href="#m11">Test_Sucessfull_Login</a></td><td rowspan="1">1750306400371</td><td rowspan="1">3399</td></tr><tr class="passedodd"><td><a href="#m12">test_addon_reservation_after_account_date_TC_RS_10</a></td><td rowspan="1">1750306682914</td><td rowspan="1">46234</td></tr><tr class="passedodd"><td><a href="#m13">test_cancel_reservation_with_reason_TC_RS_04</a></td><td rowspan="1">1750306507037</td><td rowspan="1">22219</td></tr><tr class="passedodd"><td><a href="#m14">test_create_addon_reservation_from_existing_TC_RS_06</a></td><td rowspan="1">1750306580199</td><td rowspan="1">13220</td></tr><tr class="passedodd"><td><a href="#m15">test_create_reservation_new_mode_mandatory_fields_TC_RS_01</a></td><td rowspan="1">1750306406609</td><td rowspan="1">8772</td></tr><tr class="passedodd"><td><a href="#m16">test_ledger_transactions_modify_open_mode_TC_RS_12</a></td><td rowspan="1">1750306747477</td><td rowspan="1">57664</td></tr><tr class="passedodd"><td><a href="#m17">test_ledger_transactions_modify_open_mode_TC_RS_12_Advance</a></td><td rowspan="1">1750306805143</td><td rowspan="1">56515</td></tr><tr class="passedodd"><td><a href="#m18">test_open_and_amend_saved_reservation_TC_RS_02</a></td><td rowspan="1">1750306415383</td><td rowspan="1">37243</td></tr><tr class="passedodd"><td><a href="#m19">test_reinstate_cancelled_reservation_TC_RS_08</a></td><td rowspan="1">1750306612920</td><td rowspan="1">69990</td></tr><tr class="passedodd"><td><a href="#m20">test_verify_cancelled_reservation_visibility_TC_RS_05</a></td><td rowspan="1">1750306529258</td><td rowspan="1">50939</td></tr><tr class="passedodd"><td><a href="#m21">test_verify_reservation_view_mode_TC_RS_11</a></td><td rowspan="1">1750306593421</td><td rowspan="1">19496</td></tr><tr class="passedeven"><td rowspan="4">FO.Reservation_checkIN</td><td><a href="#m22">Test_Sucessfull_Login</a></td><td rowspan="1">1750306863095</td><td rowspan="1">3415</td></tr><tr class="passedeven"><td><a href="#m23">test_checkin_allowed_on_matching_arrival_and_account_date_TC_CI_01</a></td><td rowspan="1">1750306866512</td><td rowspan="1">45961</td></tr><tr class="passedeven"><td><a href="#m24">test_create_walkin_reservation_and_checkin_TC_WI_01</a></td><td rowspan="1">1750306976613</td><td rowspan="1">18450</td></tr><tr class="passedeven"><td><a href="#m25">test_perform_checkin_on_matching_dates_TC_CI_02</a></td><td rowspan="1">1750306912475</td><td rowspan="1">28263</td></tr></tbody>
</table>
<h2>Login Test Cases</h2><h3 id="m0">FO.Login#testnegativepassword</h3><table class="result"><tr><th>Exception</th></tr><tr><td><div class="stacktrace">org.openqa.selenium.StaleElementReferenceException: stale element reference: stale element not found
  (Session info: chrome=137.0.7151.104)
For documentation on this error, please visit: https://www.selenium.dev/documentation/webdriver/troubleshooting/errors#stale-element-reference-exception
Build info: version: &apos;4.33.0&apos;, revision: &apos;2c6aaad03a&apos;
System info: os.name: &apos;Windows 10&apos;, os.arch: &apos;amd64&apos;, os.version: &apos;10.0&apos;, java.version: &apos;21.0.7&apos;
Driver info: org.openqa.selenium.chrome.ChromeDriver
Command: [2e6deab8721d44eb4401ab1b5f0b7762, sendKeysToElement {value=[Ljava.lang.CharSequence;@4b21844c, id=f.39131F08B29DABD050D9B3B13353B8C1.d.41F8F217E9326523FDAE896F7B068FB7.e.131}]
Capabilities {acceptInsecureCerts: false, browserName: chrome, browserVersion: 137.0.7151.104, chrome: {chromedriverVersion: 137.0.7151.68 (2989ffee9373..., userDataDir: C:\Users\Jeeva\AppData\Loca...}, fedcm:accounts: true, goog:chromeOptions: {debuggerAddress: localhost:52309}, networkConnectionEnabled: false, pageLoadStrategy: normal, platformName: windows, proxy: Proxy(), se:cdp: ws://localhost:52309/devtoo..., se:cdpVersion: 137.0.7151.104, setWindowRect: true, strictFileInteractability: false, timeouts: {implicit: 0, pageLoad: 300000, script: 30000}, unhandledPromptBehavior: dismiss and notify, webauthn:extension:credBlob: true, webauthn:extension:largeBlob: true, webauthn:extension:minPinLength: true, webauthn:extension:prf: true, webauthn:virtualAuthenticators: true}
Element: [[ChromeDriver: chrome on windows (2e6deab8721d44eb4401ab1b5f0b7762)] -&gt; id: UserName]
Session ID: 2e6deab8721d44eb4401ab1b5f0b7762
	at org.openqa.selenium.remote.ErrorCodec.decode(ErrorCodec.java:167)
	at org.openqa.selenium.remote.codec.w3c.W3CHttpResponseCodec.decode(W3CHttpResponseCodec.java:138)
	at org.openqa.selenium.remote.codec.w3c.W3CHttpResponseCodec.decode(W3CHttpResponseCodec.java:50)
	at org.openqa.selenium.remote.HttpCommandExecutor.execute(HttpCommandExecutor.java:215)
	at org.openqa.selenium.remote.service.DriverCommandExecutor.invokeExecute(DriverCommandExecutor.java:216)
	at org.openqa.selenium.remote.service.DriverCommandExecutor.execute(DriverCommandExecutor.java:174)
	at org.openqa.selenium.remote.RemoteWebDriver.execute(RemoteWebDriver.java:544)
	at org.openqa.selenium.remote.RemoteWebElement.execute(RemoteWebElement.java:223)
	at org.openqa.selenium.remote.RemoteWebElement.sendKeys(RemoteWebElement.java:110)
	at FO.Login.testnegativepassword(Login.java:79)
	at java.base/java.util.ArrayList.forEach(ArrayList.java:1596)
... Removed 28 stack frames</div></td></tr></table><p class="totop"><a href="#summary">back to summary</a></p>
<h3 id="m1">FO.Login#testnegativeuserid</h3><table class="result"><tr><th>Exception</th></tr><tr><td><div class="stacktrace">org.openqa.selenium.StaleElementReferenceException: stale element reference: stale element not found
  (Session info: chrome=137.0.7151.104)
For documentation on this error, please visit: https://www.selenium.dev/documentation/webdriver/troubleshooting/errors#stale-element-reference-exception
Build info: version: &apos;4.33.0&apos;, revision: &apos;2c6aaad03a&apos;
System info: os.name: &apos;Windows 10&apos;, os.arch: &apos;amd64&apos;, os.version: &apos;10.0&apos;, java.version: &apos;21.0.7&apos;
Driver info: org.openqa.selenium.chrome.ChromeDriver
Command: [2e6deab8721d44eb4401ab1b5f0b7762, sendKeysToElement {value=[Ljava.lang.CharSequence;@407cf41, id=f.39131F08B29DABD050D9B3B13353B8C1.d.6318375295CD89B9938F3A3022A18F67.e.195}]
Capabilities {acceptInsecureCerts: false, browserName: chrome, browserVersion: 137.0.7151.104, chrome: {chromedriverVersion: 137.0.7151.68 (2989ffee9373..., userDataDir: C:\Users\Jeeva\AppData\Loca...}, fedcm:accounts: true, goog:chromeOptions: {debuggerAddress: localhost:52309}, networkConnectionEnabled: false, pageLoadStrategy: normal, platformName: windows, proxy: Proxy(), se:cdp: ws://localhost:52309/devtoo..., se:cdpVersion: 137.0.7151.104, setWindowRect: true, strictFileInteractability: false, timeouts: {implicit: 0, pageLoad: 300000, script: 30000}, unhandledPromptBehavior: dismiss and notify, webauthn:extension:credBlob: true, webauthn:extension:largeBlob: true, webauthn:extension:minPinLength: true, webauthn:extension:prf: true, webauthn:virtualAuthenticators: true}
Element: [[ChromeDriver: chrome on windows (2e6deab8721d44eb4401ab1b5f0b7762)] -&gt; id: UserName]
Session ID: 2e6deab8721d44eb4401ab1b5f0b7762
	at org.openqa.selenium.remote.ErrorCodec.decode(ErrorCodec.java:167)
	at org.openqa.selenium.remote.codec.w3c.W3CHttpResponseCodec.decode(W3CHttpResponseCodec.java:138)
	at org.openqa.selenium.remote.codec.w3c.W3CHttpResponseCodec.decode(W3CHttpResponseCodec.java:50)
	at org.openqa.selenium.remote.HttpCommandExecutor.execute(HttpCommandExecutor.java:215)
	at org.openqa.selenium.remote.service.DriverCommandExecutor.invokeExecute(DriverCommandExecutor.java:216)
	at org.openqa.selenium.remote.service.DriverCommandExecutor.execute(DriverCommandExecutor.java:174)
	at org.openqa.selenium.remote.RemoteWebDriver.execute(RemoteWebDriver.java:544)
	at org.openqa.selenium.remote.RemoteWebElement.execute(RemoteWebElement.java:223)
	at org.openqa.selenium.remote.RemoteWebElement.sendKeys(RemoteWebElement.java:110)
	at FO.Login.testnegativeuserid(Login.java:58)
	at java.base/java.util.ArrayList.forEach(ArrayList.java:1596)
... Removed 28 stack frames</div></td></tr></table><p class="totop"><a href="#summary">back to summary</a></p>
<h3 id="m2">FO.Login#testpositivepassword</h3><table class="result"><tr><th>Exception</th></tr><tr><td><div class="stacktrace">org.openqa.selenium.StaleElementReferenceException: stale element reference: stale element not found
  (Session info: chrome=137.0.7151.104)
For documentation on this error, please visit: https://www.selenium.dev/documentation/webdriver/troubleshooting/errors#stale-element-reference-exception
Build info: version: &apos;4.33.0&apos;, revision: &apos;2c6aaad03a&apos;
System info: os.name: &apos;Windows 10&apos;, os.arch: &apos;amd64&apos;, os.version: &apos;10.0&apos;, java.version: &apos;21.0.7&apos;
Driver info: org.openqa.selenium.chrome.ChromeDriver
Command: [2e6deab8721d44eb4401ab1b5f0b7762, sendKeysToElement {value=[Ljava.lang.CharSequence;@21a5fd96, id=f.39131F08B29DABD050D9B3B13353B8C1.d.9463921FDC06A224248C1D3491810A7F.e.255}]
Capabilities {acceptInsecureCerts: false, browserName: chrome, browserVersion: 137.0.7151.104, chrome: {chromedriverVersion: 137.0.7151.68 (2989ffee9373..., userDataDir: C:\Users\Jeeva\AppData\Loca...}, fedcm:accounts: true, goog:chromeOptions: {debuggerAddress: localhost:52309}, networkConnectionEnabled: false, pageLoadStrategy: normal, platformName: windows, proxy: Proxy(), se:cdp: ws://localhost:52309/devtoo..., se:cdpVersion: 137.0.7151.104, setWindowRect: true, strictFileInteractability: false, timeouts: {implicit: 0, pageLoad: 300000, script: 30000}, unhandledPromptBehavior: dismiss and notify, webauthn:extension:credBlob: true, webauthn:extension:largeBlob: true, webauthn:extension:minPinLength: true, webauthn:extension:prf: true, webauthn:virtualAuthenticators: true}
Element: [[ChromeDriver: chrome on windows (2e6deab8721d44eb4401ab1b5f0b7762)] -&gt; id: UserName]
Session ID: 2e6deab8721d44eb4401ab1b5f0b7762
	at org.openqa.selenium.remote.ErrorCodec.decode(ErrorCodec.java:167)
	at org.openqa.selenium.remote.codec.w3c.W3CHttpResponseCodec.decode(W3CHttpResponseCodec.java:138)
	at org.openqa.selenium.remote.codec.w3c.W3CHttpResponseCodec.decode(W3CHttpResponseCodec.java:50)
	at org.openqa.selenium.remote.HttpCommandExecutor.execute(HttpCommandExecutor.java:215)
	at org.openqa.selenium.remote.service.DriverCommandExecutor.invokeExecute(DriverCommandExecutor.java:216)
	at org.openqa.selenium.remote.service.DriverCommandExecutor.execute(DriverCommandExecutor.java:174)
	at org.openqa.selenium.remote.RemoteWebDriver.execute(RemoteWebDriver.java:544)
	at org.openqa.selenium.remote.RemoteWebElement.execute(RemoteWebElement.java:223)
	at org.openqa.selenium.remote.RemoteWebElement.sendKeys(RemoteWebElement.java:110)
	at FO.Login.testpositivepassword(Login.java:89)
	at java.base/java.util.ArrayList.forEach(ArrayList.java:1596)
... Removed 28 stack frames</div></td></tr></table><p class="totop"><a href="#summary">back to summary</a></p>
<h3 id="m3">FO.Login#testpositiveuserid</h3><table class="result"><tr><th>Exception</th></tr><tr><td><div class="stacktrace">org.openqa.selenium.StaleElementReferenceException: stale element reference: stale element not found
  (Session info: chrome=137.0.7151.104)
For documentation on this error, please visit: https://www.selenium.dev/documentation/webdriver/troubleshooting/errors#stale-element-reference-exception
Build info: version: &apos;4.33.0&apos;, revision: &apos;2c6aaad03a&apos;
System info: os.name: &apos;Windows 10&apos;, os.arch: &apos;amd64&apos;, os.version: &apos;10.0&apos;, java.version: &apos;21.0.7&apos;
Driver info: org.openqa.selenium.chrome.ChromeDriver
Command: [2e6deab8721d44eb4401ab1b5f0b7762, sendKeysToElement {value=[Ljava.lang.CharSequence;@65f87a2c, id=f.39131F08B29DABD050D9B3B13353B8C1.d.FCD9B4BEDC8ABCE7AD2CE274DDD5C141.e.312}]
Capabilities {acceptInsecureCerts: false, browserName: chrome, browserVersion: 137.0.7151.104, chrome: {chromedriverVersion: 137.0.7151.68 (2989ffee9373..., userDataDir: C:\Users\Jeeva\AppData\Loca...}, fedcm:accounts: true, goog:chromeOptions: {debuggerAddress: localhost:52309}, networkConnectionEnabled: false, pageLoadStrategy: normal, platformName: windows, proxy: Proxy(), se:cdp: ws://localhost:52309/devtoo..., se:cdpVersion: 137.0.7151.104, setWindowRect: true, strictFileInteractability: false, timeouts: {implicit: 0, pageLoad: 300000, script: 30000}, unhandledPromptBehavior: dismiss and notify, webauthn:extension:credBlob: true, webauthn:extension:largeBlob: true, webauthn:extension:minPinLength: true, webauthn:extension:prf: true, webauthn:virtualAuthenticators: true}
Element: [[ChromeDriver: chrome on windows (2e6deab8721d44eb4401ab1b5f0b7762)] -&gt; id: UserName]
Session ID: 2e6deab8721d44eb4401ab1b5f0b7762
	at org.openqa.selenium.remote.ErrorCodec.decode(ErrorCodec.java:167)
	at org.openqa.selenium.remote.codec.w3c.W3CHttpResponseCodec.decode(W3CHttpResponseCodec.java:138)
	at org.openqa.selenium.remote.codec.w3c.W3CHttpResponseCodec.decode(W3CHttpResponseCodec.java:50)
	at org.openqa.selenium.remote.HttpCommandExecutor.execute(HttpCommandExecutor.java:215)
	at org.openqa.selenium.remote.service.DriverCommandExecutor.invokeExecute(DriverCommandExecutor.java:216)
	at org.openqa.selenium.remote.service.DriverCommandExecutor.execute(DriverCommandExecutor.java:174)
	at org.openqa.selenium.remote.RemoteWebDriver.execute(RemoteWebDriver.java:544)
	at org.openqa.selenium.remote.RemoteWebElement.execute(RemoteWebElement.java:223)
	at org.openqa.selenium.remote.RemoteWebElement.sendKeys(RemoteWebElement.java:110)
	at FO.Login.testpositiveuserid(Login.java:67)
	at java.base/java.util.ArrayList.forEach(ArrayList.java:1596)
... Removed 28 stack frames</div></td></tr></table><p class="totop"><a href="#summary">back to summary</a></p>
<h3 id="m4">FO.Reservation#test_split_reservation_multiple_rooms_TC_RS_07</h3><table class="result"><tr><th>Exception</th></tr><tr><td><div class="stacktrace">java.lang.AssertionError: The number of child grid cells inside the parent column is not 2. expected [2] but found [1]
	at FO.Reservation.test_split_reservation_multiple_rooms_TC_RS_07(Reservation.java:1005)
	at java.base/java.util.ArrayList.forEach(ArrayList.java:1596)
... Removed 31 stack frames</div></td></tr></table><p class="totop"><a href="#summary">back to summary</a></p>
<h3 id="m5">FO.Reservation#test_verify_updated_details_open_mode_TC_RS_03</h3><table class="result"><tr><th>Exception</th></tr><tr><td><div class="stacktrace">org.openqa.selenium.TimeoutException: Expected condition failed: waiting for element to be clickable: By.xpath: (//button[@class=&apos;webix_button webix_img_btn&apos;])[1] (tried for 20 second(s) with 500 milliseconds interval)
Build info: version: &apos;4.33.0&apos;, revision: &apos;2c6aaad03a&apos;
System info: os.name: &apos;Windows 10&apos;, os.arch: &apos;amd64&apos;, os.version: &apos;10.0&apos;, java.version: &apos;21.0.7&apos;
Driver info: org.openqa.selenium.chrome.ChromeDriver
Capabilities {acceptInsecureCerts: false, browserName: chrome, browserVersion: 137.0.7151.104, chrome: {chromedriverVersion: 137.0.7151.68 (2989ffee9373..., userDataDir: C:\Users\Jeeva\AppData\Loca...}, fedcm:accounts: true, goog:chromeOptions: {debuggerAddress: localhost:52351}, networkConnectionEnabled: false, pageLoadStrategy: normal, platformName: windows, proxy: Proxy(), se:cdp: ws://localhost:52351/devtoo..., se:cdpVersion: 137.0.7151.104, setWindowRect: true, strictFileInteractability: false, timeouts: {implicit: 0, pageLoad: 300000, script: 30000}, unhandledPromptBehavior: dismiss and notify, webauthn:extension:credBlob: true, webauthn:extension:largeBlob: true, webauthn:extension:minPinLength: true, webauthn:extension:prf: true, webauthn:virtualAuthenticators: true}
Session ID: 9ec117bc3503337ceccf1eff66f10492
	at org.openqa.selenium.support.ui.WebDriverWait.timeoutException(WebDriverWait.java:84)
	at org.openqa.selenium.support.ui.FluentWait.until(FluentWait.java:228)
	at FO.Reservation.test_verify_updated_details_open_mode_TC_RS_03(Reservation.java:400)
	at java.base/java.util.ArrayList.forEach(ArrayList.java:1596)
... Removed 25 stack frames</div></td></tr></table><p class="totop"><a href="#summary">back to summary</a></p>
<h3 id="m6">FO.Reservation_checkIN#test_print_registration_card_with_filters_TC_RC_01</h3><table class="result"><tr><th>Exception</th></tr><tr><td><div class="stacktrace">org.openqa.selenium.ElementClickInterceptedException: element click intercepted: Element &lt;button type=&quot;button&quot; class=&quot;webix_button&quot; disabled=&quot;true&quot;&gt;...&lt;/button&gt; is not clickable at point (1025, 48). Other element would receive the click: &lt;div class=&quot;webix_disabled&quot;&gt;&lt;/div&gt;
  (Session info: chrome=137.0.7151.104)
Build info: version: &apos;4.33.0&apos;, revision: &apos;2c6aaad03a&apos;
System info: os.name: &apos;Windows 10&apos;, os.arch: &apos;amd64&apos;, os.version: &apos;10.0&apos;, java.version: &apos;21.0.7&apos;
Driver info: org.openqa.selenium.chrome.ChromeDriver
Command: [6550957132f8547e6a491618d1b8fbac, clickElement {id=f.473761C3E84890658E740FD6827DD09B.d.9DDF0D3590073596115E8C5ED7B38B5C.e.1253}]
Capabilities {acceptInsecureCerts: false, browserName: chrome, browserVersion: 137.0.7151.104, chrome: {chromedriverVersion: 137.0.7151.68 (2989ffee9373..., userDataDir: C:\Users\Jeeva\AppData\Loca...}, fedcm:accounts: true, goog:chromeOptions: {debuggerAddress: localhost:52618}, networkConnectionEnabled: false, pageLoadStrategy: normal, platformName: windows, proxy: Proxy(), se:cdp: ws://localhost:52618/devtoo..., se:cdpVersion: 137.0.7151.104, setWindowRect: true, strictFileInteractability: false, timeouts: {implicit: 0, pageLoad: 300000, script: 30000}, unhandledPromptBehavior: dismiss and notify, webauthn:extension:credBlob: true, webauthn:extension:largeBlob: true, webauthn:extension:minPinLength: true, webauthn:extension:prf: true, webauthn:virtualAuthenticators: true}
Element: [[ChromeDriver: chrome on windows (6550957132f8547e6a491618d1b8fbac)] -&gt; xpath: //button[text()=&quot;Select&quot;]]
Session ID: 6550957132f8547e6a491618d1b8fbac
	at org.openqa.selenium.remote.ErrorCodec.decode(ErrorCodec.java:167)
	at org.openqa.selenium.remote.codec.w3c.W3CHttpResponseCodec.decode(W3CHttpResponseCodec.java:138)
	at org.openqa.selenium.remote.codec.w3c.W3CHttpResponseCodec.decode(W3CHttpResponseCodec.java:50)
	at org.openqa.selenium.remote.HttpCommandExecutor.execute(HttpCommandExecutor.java:215)
	at org.openqa.selenium.remote.service.DriverCommandExecutor.invokeExecute(DriverCommandExecutor.java:216)
	at org.openqa.selenium.remote.service.DriverCommandExecutor.execute(DriverCommandExecutor.java:174)
	at org.openqa.selenium.remote.RemoteWebDriver.execute(RemoteWebDriver.java:544)
	at org.openqa.selenium.remote.RemoteWebElement.execute(RemoteWebElement.java:223)
	at org.openqa.selenium.remote.RemoteWebElement.click(RemoteWebElement.java:76)
	at FO.Reservation_checkIN.test_print_registration_card_with_filters_TC_RC_01(Reservation_checkIN.java:446)
	at java.base/java.util.ArrayList.forEach(ArrayList.java:1596)
... Removed 28 stack frames</div></td></tr></table><p class="totop"><a href="#summary">back to summary</a></p>
<h3 id="m7">FO.Reservation_checkIN#test_verify_registration_card_and_email_after_checkin_TC_CI_04</h3><table class="result"><tr><th>Exception</th></tr><tr><td><div class="stacktrace">org.openqa.selenium.ElementClickInterceptedException: element click intercepted: Element &lt;button type=&quot;button&quot; class=&quot;webix_button&quot; disabled=&quot;true&quot;&gt;...&lt;/button&gt; is not clickable at point (1025, 48). Other element would receive the click: &lt;div class=&quot;webix_disabled&quot;&gt;&lt;/div&gt;
  (Session info: chrome=137.0.7151.104)
Build info: version: &apos;4.33.0&apos;, revision: &apos;2c6aaad03a&apos;
System info: os.name: &apos;Windows 10&apos;, os.arch: &apos;amd64&apos;, os.version: &apos;10.0&apos;, java.version: &apos;21.0.7&apos;
Driver info: org.openqa.selenium.chrome.ChromeDriver
Command: [6550957132f8547e6a491618d1b8fbac, clickElement {id=f.473761C3E84890658E740FD6827DD09B.d.94F4F1188DD893C77476F6BA22E516B0.e.881}]
Capabilities {acceptInsecureCerts: false, browserName: chrome, browserVersion: 137.0.7151.104, chrome: {chromedriverVersion: 137.0.7151.68 (2989ffee9373..., userDataDir: C:\Users\Jeeva\AppData\Loca...}, fedcm:accounts: true, goog:chromeOptions: {debuggerAddress: localhost:52618}, networkConnectionEnabled: false, pageLoadStrategy: normal, platformName: windows, proxy: Proxy(), se:cdp: ws://localhost:52618/devtoo..., se:cdpVersion: 137.0.7151.104, setWindowRect: true, strictFileInteractability: false, timeouts: {implicit: 0, pageLoad: 300000, script: 30000}, unhandledPromptBehavior: dismiss and notify, webauthn:extension:credBlob: true, webauthn:extension:largeBlob: true, webauthn:extension:minPinLength: true, webauthn:extension:prf: true, webauthn:virtualAuthenticators: true}
Element: [[ChromeDriver: chrome on windows (6550957132f8547e6a491618d1b8fbac)] -&gt; xpath: //button[text()=&quot;Select&quot;]]
Session ID: 6550957132f8547e6a491618d1b8fbac
	at org.openqa.selenium.remote.ErrorCodec.decode(ErrorCodec.java:167)
	at org.openqa.selenium.remote.codec.w3c.W3CHttpResponseCodec.decode(W3CHttpResponseCodec.java:138)
	at org.openqa.selenium.remote.codec.w3c.W3CHttpResponseCodec.decode(W3CHttpResponseCodec.java:50)
	at org.openqa.selenium.remote.HttpCommandExecutor.execute(HttpCommandExecutor.java:215)
	at org.openqa.selenium.remote.service.DriverCommandExecutor.invokeExecute(DriverCommandExecutor.java:216)
	at org.openqa.selenium.remote.service.DriverCommandExecutor.execute(DriverCommandExecutor.java:174)
	at org.openqa.selenium.remote.RemoteWebDriver.execute(RemoteWebDriver.java:544)
	at org.openqa.selenium.remote.RemoteWebElement.execute(RemoteWebElement.java:223)
	at org.openqa.selenium.remote.RemoteWebElement.click(RemoteWebElement.java:76)
	at FO.Reservation_checkIN.test_verify_registration_card_and_email_after_checkin_TC_CI_04(Reservation_checkIN.java:300)
	at java.base/java.util.ArrayList.forEach(ArrayList.java:1596)
... Removed 28 stack frames</div></td></tr></table><p class="totop"><a href="#summary">back to summary</a></p>
<h3 id="m8">FO.Login#testloginpage</h3><table class="result"><tr><th class="invisible"/></tr></table><p class="totop"><a href="#summary">back to summary</a></p>
<h3 id="m9">FO.Login#testnegativelogin</h3><table class="result"><tr><th class="invisible"/></tr></table><p class="totop"><a href="#summary">back to summary</a></p>
<h3 id="m10">FO.Reservation#Test_Registration_page</h3><table class="result"><tr><th class="invisible"/></tr></table><p class="totop"><a href="#summary">back to summary</a></p>
<h3 id="m11">FO.Reservation#Test_Sucessfull_Login</h3><table class="result"><tr><th class="invisible"/></tr></table><p class="totop"><a href="#summary">back to summary</a></p>
<h3 id="m12">FO.Reservation#test_addon_reservation_after_account_date_TC_RS_10</h3><table class="result"><tr><th class="invisible"/></tr></table><p class="totop"><a href="#summary">back to summary</a></p>
<h3 id="m13">FO.Reservation#test_cancel_reservation_with_reason_TC_RS_04</h3><table class="result"><tr><th class="invisible"/></tr></table><p class="totop"><a href="#summary">back to summary</a></p>
<h3 id="m14">FO.Reservation#test_create_addon_reservation_from_existing_TC_RS_06</h3><table class="result"><tr><th class="invisible"/></tr></table><p class="totop"><a href="#summary">back to summary</a></p>
<h3 id="m15">FO.Reservation#test_create_reservation_new_mode_mandatory_fields_TC_RS_01</h3><table class="result"><tr><th class="invisible"/></tr></table><p class="totop"><a href="#summary">back to summary</a></p>
<h3 id="m16">FO.Reservation#test_ledger_transactions_modify_open_mode_TC_RS_12</h3><table class="result"><tr><th class="invisible"/></tr></table><p class="totop"><a href="#summary">back to summary</a></p>
<h3 id="m17">FO.Reservation#test_ledger_transactions_modify_open_mode_TC_RS_12_Advance</h3><table class="result"><tr><th class="invisible"/></tr></table><p class="totop"><a href="#summary">back to summary</a></p>
<h3 id="m18">FO.Reservation#test_open_and_amend_saved_reservation_TC_RS_02</h3><table class="result"><tr><th class="invisible"/></tr></table><p class="totop"><a href="#summary">back to summary</a></p>
<h3 id="m19">FO.Reservation#test_reinstate_cancelled_reservation_TC_RS_08</h3><table class="result"><tr><th class="invisible"/></tr></table><p class="totop"><a href="#summary">back to summary</a></p>
<h3 id="m20">FO.Reservation#test_verify_cancelled_reservation_visibility_TC_RS_05</h3><table class="result"><tr><th class="invisible"/></tr></table><p class="totop"><a href="#summary">back to summary</a></p>
<h3 id="m21">FO.Reservation#test_verify_reservation_view_mode_TC_RS_11</h3><table class="result"><tr><th class="invisible"/></tr></table><p class="totop"><a href="#summary">back to summary</a></p>
<h3 id="m22">FO.Reservation_checkIN#Test_Sucessfull_Login</h3><table class="result"><tr><th class="invisible"/></tr></table><p class="totop"><a href="#summary">back to summary</a></p>
<h3 id="m23">FO.Reservation_checkIN#test_checkin_allowed_on_matching_arrival_and_account_date_TC_CI_01</h3><table class="result"><tr><th class="invisible"/></tr></table><p class="totop"><a href="#summary">back to summary</a></p>
<h3 id="m24">FO.Reservation_checkIN#test_create_walkin_reservation_and_checkin_TC_WI_01</h3><table class="result"><tr><th class="invisible"/></tr></table><p class="totop"><a href="#summary">back to summary</a></p>
<h3 id="m25">FO.Reservation_checkIN#test_perform_checkin_on_matching_dates_TC_CI_02</h3><table class="result"><tr><th class="invisible"/></tr></table><p class="totop"><a href="#summary">back to summary</a></p>
</body>
</html>
