<!DOCTYPE html>

<html>
  <head>
  <meta charset='utf-8'>
  <title>TestNG reports</title>

    <link type="text/css" href="testng-reports1.css" rel="stylesheet" id="ultra" />
    <link type="text/css" href="testng-reports.css" rel="stylesheet" id="retro" disabled="false"/>
    <script type="text/javascript" src="jquery-3.6.0.min.js"></script>
    <script type="text/javascript" src="testng-reports.js"></script>
    <script type="text/javascript" src="https://www.google.com/jsapi"></script>
    <script type='text/javascript'>
      google.load('visualization', '1', {packages:['table']});
      google.setOnLoadCallback(drawTable);
      var suiteTableInitFunctions = new Array();
      var suiteTableData = new Array();
    </script>
    <!--
      <script type="text/javascript" src="jquery-ui/js/jquery-ui-1.8.16.custom.min.js"></script>
     -->
  </head>

  <body>    <div class="top-banner-root">
      <span class="top-banner-title-font">Test results</span>
      <button id="button" class="button">Switch Retro Theme</button> <!-- button -->
      <br/>
      <span class="top-banner-font-1">1 suite, 8 failed tests</span>
    </div> <!-- top-banner-root -->
    <div class="navigator-root">
      <div class="navigator-suite-header">
        <span>All suites</span>
        <a href="#" title="Collapse/expand all the suites" class="collapse-all-link">
          <img src="collapseall.gif" class="collapse-all-icon">
          </img> <!-- collapse-all-icon -->
        </a> <!-- collapse-all-link -->
      </div> <!-- navigator-suite-header -->
      <div class="suite">
        <div class="rounded-window">
          <div class="suite-header light-rounded-window-top">
            <a href="#" panel-name="suite-Test_Suite_with_Chart_Reporter" class="navigator-link">
              <span class="suite-name border-failed">Test Suite with Chart Reporter</span>
            </a> <!-- navigator-link -->
          </div> <!-- suite-header light-rounded-window-top -->
          <div class="navigator-suite-content">
            <div class="suite-section-title">
              <span>Info</span>
            </div> <!-- suite-section-title -->
            <div class="suite-section-content">
              <ul>
                <li>
                  <a href="#" panel-name="test-xml-Test_Suite_with_Chart_Reporter" class="navigator-link ">
                    <span>C:\Users\Jeeva\eclipse-workspace\Wincloud\testing.xml</span>
                  </a> <!-- navigator-link  -->
                </li>
                <li>
                  <a href="#" panel-name="testlist-Test_Suite_with_Chart_Reporter" class="navigator-link ">
                    <span class="test-stats">1 test</span>
                  </a> <!-- navigator-link  -->
                </li>
                <li>
                  <a href="#" panel-name="group-Test_Suite_with_Chart_Reporter" class="navigator-link ">
                    <span>0 groups</span>
                  </a> <!-- navigator-link  -->
                </li>
                <li>
                  <a href="#" panel-name="times-Test_Suite_with_Chart_Reporter" class="navigator-link ">
                    <span>Times</span>
                  </a> <!-- navigator-link  -->
                </li>
                <li>
                  <a href="#" panel-name="reporter-Test_Suite_with_Chart_Reporter" class="navigator-link ">
                    <span>Reporter output</span>
                  </a> <!-- navigator-link  -->
                </li>
                <li>
                  <a href="#" panel-name="ignored-methods-Test_Suite_with_Chart_Reporter" class="navigator-link ">
                    <span>Ignored methods</span>
                  </a> <!-- navigator-link  -->
                </li>
                <li>
                  <a href="#" panel-name="chronological-Test_Suite_with_Chart_Reporter" class="navigator-link ">
                    <span>Chronological view</span>
                  </a> <!-- navigator-link  -->
                </li>
              </ul>
            </div> <!-- suite-section-content -->
            <div class="result-section">
              <div class="suite-section-title">
                <span>Results</span>
              </div> <!-- suite-section-title -->
              <div class="suite-section-content">
                <ul>
                  <li>
                    <span class="method-stats">26 methods, 8 failed,   18 passed</span>
                  </li>
                  <li>
                    <span class="method-list-title failed">Failed methods</span>
                    <span class="show-or-hide-methods failed">
                      <a href="#" panel-name="suite-Test_Suite_with_Chart_Reporter" class="hide-methods failed suite-Test_Suite_with_Chart_Reporter"> (hide)</a> <!-- hide-methods failed suite-Test_Suite_with_Chart_Reporter -->
                      <a href="#" panel-name="suite-Test_Suite_with_Chart_Reporter" class="show-methods failed suite-Test_Suite_with_Chart_Reporter"> (show)</a> <!-- show-methods failed suite-Test_Suite_with_Chart_Reporter -->
                    </span>
                    <div class="method-list-content failed suite-Test_Suite_with_Chart_Reporter">
                      <span>
                        <img src="failed.png" width="3%"/>
                        <a href="#" panel-name="suite-Test_Suite_with_Chart_Reporter" title="FO.Reservation_checkIN" class="method navigator-link" hash-for-method="test_print_registration_card_with_filters_TC_RC_01">test_print_registration_card_with_filters_TC_RC_01</a> <!-- method navigator-link -->
                      </span>
                      <br/>
                      <span>
                        <img src="failed.png" width="3%"/>
                        <a href="#" panel-name="suite-Test_Suite_with_Chart_Reporter" title="FO.Reservation" class="method navigator-link" hash-for-method="test_split_reservation_multiple_rooms_TC_RS_07">test_split_reservation_multiple_rooms_TC_RS_07</a> <!-- method navigator-link -->
                      </span>
                      <br/>
                      <span>
                        <img src="failed.png" width="3%"/>
                        <a href="#" panel-name="suite-Test_Suite_with_Chart_Reporter" title="FO.Reservation_checkIN" class="method navigator-link" hash-for-method="test_verify_registration_card_and_email_after_checkin_TC_CI_04">test_verify_registration_card_and_email_after_checkin_TC_CI_04</a> <!-- method navigator-link -->
                      </span>
                      <br/>
                      <span>
                        <img src="failed.png" width="3%"/>
                        <a href="#" panel-name="suite-Test_Suite_with_Chart_Reporter" title="FO.Reservation" class="method navigator-link" hash-for-method="test_verify_updated_details_open_mode_TC_RS_03">test_verify_updated_details_open_mode_TC_RS_03</a> <!-- method navigator-link -->
                      </span>
                      <br/>
                      <span>
                        <img src="failed.png" width="3%"/>
                        <a href="#" panel-name="suite-Test_Suite_with_Chart_Reporter" title="FO.Login" class="method navigator-link" hash-for-method="testnegativepassword">testnegativepassword</a> <!-- method navigator-link -->
                      </span>
                      <br/>
                      <span>
                        <img src="failed.png" width="3%"/>
                        <a href="#" panel-name="suite-Test_Suite_with_Chart_Reporter" title="FO.Login" class="method navigator-link" hash-for-method="testnegativeuserid">testnegativeuserid</a> <!-- method navigator-link -->
                      </span>
                      <br/>
                      <span>
                        <img src="failed.png" width="3%"/>
                        <a href="#" panel-name="suite-Test_Suite_with_Chart_Reporter" title="FO.Login" class="method navigator-link" hash-for-method="testpositivepassword">testpositivepassword</a> <!-- method navigator-link -->
                      </span>
                      <br/>
                      <span>
                        <img src="failed.png" width="3%"/>
                        <a href="#" panel-name="suite-Test_Suite_with_Chart_Reporter" title="FO.Login" class="method navigator-link" hash-for-method="testpositiveuserid">testpositiveuserid</a> <!-- method navigator-link -->
                      </span>
                      <br/>
                    </div> <!-- method-list-content failed suite-Test_Suite_with_Chart_Reporter -->
                  </li>
                  <li>
                    <span class="method-list-title passed">Passed methods</span>
                    <span class="show-or-hide-methods passed">
                      <a href="#" panel-name="suite-Test_Suite_with_Chart_Reporter" class="hide-methods passed suite-Test_Suite_with_Chart_Reporter"> (hide)</a> <!-- hide-methods passed suite-Test_Suite_with_Chart_Reporter -->
                      <a href="#" panel-name="suite-Test_Suite_with_Chart_Reporter" class="show-methods passed suite-Test_Suite_with_Chart_Reporter"> (show)</a> <!-- show-methods passed suite-Test_Suite_with_Chart_Reporter -->
                    </span>
                    <div class="method-list-content passed suite-Test_Suite_with_Chart_Reporter">
                      <span>
                        <img src="passed.png" width="3%"/>
                        <a href="#" panel-name="suite-Test_Suite_with_Chart_Reporter" title="FO.Reservation" class="method navigator-link" hash-for-method="Test_Registration_page">Test_Registration_page</a> <!-- method navigator-link -->
                      </span>
                      <br/>
                      <span>
                        <img src="passed.png" width="3%"/>
                        <a href="#" panel-name="suite-Test_Suite_with_Chart_Reporter" title="FO.Reservation_checkIN" class="method navigator-link" hash-for-method="Test_Sucessfull_Login">Test_Sucessfull_Login</a> <!-- method navigator-link -->
                      </span>
                      <br/>
                      <span>
                        <img src="passed.png" width="3%"/>
                        <a href="#" panel-name="suite-Test_Suite_with_Chart_Reporter" title="FO.Reservation" class="method navigator-link" hash-for-method="Test_Sucessfull_Login">Test_Sucessfull_Login</a> <!-- method navigator-link -->
                      </span>
                      <br/>
                      <span>
                        <img src="passed.png" width="3%"/>
                        <a href="#" panel-name="suite-Test_Suite_with_Chart_Reporter" title="FO.Reservation" class="method navigator-link" hash-for-method="test_addon_reservation_after_account_date_TC_RS_10">test_addon_reservation_after_account_date_TC_RS_10</a> <!-- method navigator-link -->
                      </span>
                      <br/>
                      <span>
                        <img src="passed.png" width="3%"/>
                        <a href="#" panel-name="suite-Test_Suite_with_Chart_Reporter" title="FO.Reservation" class="method navigator-link" hash-for-method="test_cancel_reservation_with_reason_TC_RS_04">test_cancel_reservation_with_reason_TC_RS_04</a> <!-- method navigator-link -->
                      </span>
                      <br/>
                      <span>
                        <img src="passed.png" width="3%"/>
                        <a href="#" panel-name="suite-Test_Suite_with_Chart_Reporter" title="FO.Reservation_checkIN" class="method navigator-link" hash-for-method="test_checkin_allowed_on_matching_arrival_and_account_date_TC_CI_01">test_checkin_allowed_on_matching_arrival_and_account_date_TC_CI_01</a> <!-- method navigator-link -->
                      </span>
                      <br/>
                      <span>
                        <img src="passed.png" width="3%"/>
                        <a href="#" panel-name="suite-Test_Suite_with_Chart_Reporter" title="FO.Reservation" class="method navigator-link" hash-for-method="test_create_addon_reservation_from_existing_TC_RS_06">test_create_addon_reservation_from_existing_TC_RS_06</a> <!-- method navigator-link -->
                      </span>
                      <br/>
                      <span>
                        <img src="passed.png" width="3%"/>
                        <a href="#" panel-name="suite-Test_Suite_with_Chart_Reporter" title="FO.Reservation" class="method navigator-link" hash-for-method="test_create_reservation_new_mode_mandatory_fields_TC_RS_01">test_create_reservation_new_mode_mandatory_fields_TC_RS_01</a> <!-- method navigator-link -->
                      </span>
                      <br/>
                      <span>
                        <img src="passed.png" width="3%"/>
                        <a href="#" panel-name="suite-Test_Suite_with_Chart_Reporter" title="FO.Reservation_checkIN" class="method navigator-link" hash-for-method="test_create_walkin_reservation_and_checkin_TC_WI_01">test_create_walkin_reservation_and_checkin_TC_WI_01</a> <!-- method navigator-link -->
                      </span>
                      <br/>
                      <span>
                        <img src="passed.png" width="3%"/>
                        <a href="#" panel-name="suite-Test_Suite_with_Chart_Reporter" title="FO.Reservation" class="method navigator-link" hash-for-method="test_ledger_transactions_modify_open_mode_TC_RS_12">test_ledger_transactions_modify_open_mode_TC_RS_12</a> <!-- method navigator-link -->
                      </span>
                      <br/>
                      <span>
                        <img src="passed.png" width="3%"/>
                        <a href="#" panel-name="suite-Test_Suite_with_Chart_Reporter" title="FO.Reservation" class="method navigator-link" hash-for-method="test_ledger_transactions_modify_open_mode_TC_RS_12_Advance">test_ledger_transactions_modify_open_mode_TC_RS_12_Advance</a> <!-- method navigator-link -->
                      </span>
                      <br/>
                      <span>
                        <img src="passed.png" width="3%"/>
                        <a href="#" panel-name="suite-Test_Suite_with_Chart_Reporter" title="FO.Reservation" class="method navigator-link" hash-for-method="test_open_and_amend_saved_reservation_TC_RS_02">test_open_and_amend_saved_reservation_TC_RS_02</a> <!-- method navigator-link -->
                      </span>
                      <br/>
                      <span>
                        <img src="passed.png" width="3%"/>
                        <a href="#" panel-name="suite-Test_Suite_with_Chart_Reporter" title="FO.Reservation_checkIN" class="method navigator-link" hash-for-method="test_perform_checkin_on_matching_dates_TC_CI_02">test_perform_checkin_on_matching_dates_TC_CI_02</a> <!-- method navigator-link -->
                      </span>
                      <br/>
                      <span>
                        <img src="passed.png" width="3%"/>
                        <a href="#" panel-name="suite-Test_Suite_with_Chart_Reporter" title="FO.Reservation" class="method navigator-link" hash-for-method="test_reinstate_cancelled_reservation_TC_RS_08">test_reinstate_cancelled_reservation_TC_RS_08</a> <!-- method navigator-link -->
                      </span>
                      <br/>
                      <span>
                        <img src="passed.png" width="3%"/>
                        <a href="#" panel-name="suite-Test_Suite_with_Chart_Reporter" title="FO.Reservation" class="method navigator-link" hash-for-method="test_verify_cancelled_reservation_visibility_TC_RS_05">test_verify_cancelled_reservation_visibility_TC_RS_05</a> <!-- method navigator-link -->
                      </span>
                      <br/>
                      <span>
                        <img src="passed.png" width="3%"/>
                        <a href="#" panel-name="suite-Test_Suite_with_Chart_Reporter" title="FO.Reservation" class="method navigator-link" hash-for-method="test_verify_reservation_view_mode_TC_RS_11">test_verify_reservation_view_mode_TC_RS_11</a> <!-- method navigator-link -->
                      </span>
                      <br/>
                      <span>
                        <img src="passed.png" width="3%"/>
                        <a href="#" panel-name="suite-Test_Suite_with_Chart_Reporter" title="FO.Login" class="method navigator-link" hash-for-method="testloginpage">testloginpage</a> <!-- method navigator-link -->
                      </span>
                      <br/>
                      <span>
                        <img src="passed.png" width="3%"/>
                        <a href="#" panel-name="suite-Test_Suite_with_Chart_Reporter" title="FO.Login" class="method navigator-link" hash-for-method="testnegativelogin">testnegativelogin</a> <!-- method navigator-link -->
                      </span>
                      <br/>
                    </div> <!-- method-list-content passed suite-Test_Suite_with_Chart_Reporter -->
                  </li>
                </ul>
              </div> <!-- suite-section-content -->
            </div> <!-- result-section -->
          </div> <!-- navigator-suite-content -->
        </div> <!-- rounded-window -->
      </div> <!-- suite -->
    </div> <!-- navigator-root -->
    <div class="wrapper">
      <div class="main-panel-root">
        <div panel-name="suite-Test_Suite_with_Chart_Reporter" class="panel Test_Suite_with_Chart_Reporter">
          <div class="suite-Test_Suite_with_Chart_Reporter-class-failed">
            <div class="main-panel-header rounded-window-top">
              <img src="failed.png"/>
              <span class="class-name">FO.Reservation</span>
            </div> <!-- main-panel-header rounded-window-top -->
            <div class="main-panel-content rounded-window-bottom">
              <div class="method">
                <div class="method-content">
                  <a name="test_split_reservation_multiple_rooms_TC_RS_07">
                  </a> <!-- test_split_reservation_multiple_rooms_TC_RS_07 -->
                  <span class="method-name">test_split_reservation_multiple_rooms_TC_RS_07</span>
                  <div class="stack-trace">java.lang.AssertionError: The number of child grid cells inside the parent column is not 2. expected [2] but found [1]
	at FO.Reservation.test_split_reservation_multiple_rooms_TC_RS_07(Reservation.java:1005)
	at java.base/java.util.ArrayList.forEach(ArrayList.java:1596)
... Removed 31 stack frames
</div> <!-- stack-trace -->
                </div> <!-- method-content -->
              </div> <!-- method -->
              <div class="method">
                <div class="method-content">
                  <a name="test_verify_updated_details_open_mode_TC_RS_03">
                  </a> <!-- test_verify_updated_details_open_mode_TC_RS_03 -->
                  <span class="method-name">test_verify_updated_details_open_mode_TC_RS_03</span>
                  <div class="stack-trace">org.openqa.selenium.TimeoutException: Expected condition failed: waiting for element to be clickable: By.xpath: (//button[@class=&apos;webix_button webix_img_btn&apos;])[1] (tried for 20 second(s) with 500 milliseconds interval)
Build info: version: &apos;4.33.0&apos;, revision: &apos;2c6aaad03a&apos;
System info: os.name: &apos;Windows 10&apos;, os.arch: &apos;amd64&apos;, os.version: &apos;10.0&apos;, java.version: &apos;21.0.7&apos;
Driver info: org.openqa.selenium.chrome.ChromeDriver
Capabilities {acceptInsecureCerts: false, browserName: chrome, browserVersion: 137.0.7151.104, chrome: {chromedriverVersion: 137.0.7151.68 (2989ffee9373..., userDataDir: C:\Users\Jeeva\AppData\Loca...}, fedcm:accounts: true, goog:chromeOptions: {debuggerAddress: localhost:52351}, networkConnectionEnabled: false, pageLoadStrategy: normal, platformName: windows, proxy: Proxy(), se:cdp: ws://localhost:52351/devtoo..., se:cdpVersion: 137.0.7151.104, setWindowRect: true, strictFileInteractability: false, timeouts: {implicit: 0, pageLoad: 300000, script: 30000}, unhandledPromptBehavior: dismiss and notify, webauthn:extension:credBlob: true, webauthn:extension:largeBlob: true, webauthn:extension:minPinLength: true, webauthn:extension:prf: true, webauthn:virtualAuthenticators: true}
Session ID: 9ec117bc3503337ceccf1eff66f10492
	at org.openqa.selenium.support.ui.WebDriverWait.timeoutException(WebDriverWait.java:84)
	at org.openqa.selenium.support.ui.FluentWait.until(FluentWait.java:228)
	at FO.Reservation.test_verify_updated_details_open_mode_TC_RS_03(Reservation.java:400)
	at java.base/java.util.ArrayList.forEach(ArrayList.java:1596)
... Removed 25 stack frames
</div> <!-- stack-trace -->
                </div> <!-- method-content -->
              </div> <!-- method -->
            </div> <!-- main-panel-content rounded-window-bottom -->
          </div> <!-- suite-Test_Suite_with_Chart_Reporter-class-failed -->
          <div class="suite-Test_Suite_with_Chart_Reporter-class-failed">
            <div class="main-panel-header rounded-window-top">
              <img src="failed.png"/>
              <span class="class-name">FO.Reservation_checkIN</span>
            </div> <!-- main-panel-header rounded-window-top -->
            <div class="main-panel-content rounded-window-bottom">
              <div class="method">
                <div class="method-content">
                  <a name="test_print_registration_card_with_filters_TC_RC_01">
                  </a> <!-- test_print_registration_card_with_filters_TC_RC_01 -->
                  <span class="method-name">test_print_registration_card_with_filters_TC_RC_01</span>
                  <div class="stack-trace">org.openqa.selenium.ElementClickInterceptedException: element click intercepted: Element &lt;button type=&quot;button&quot; class=&quot;webix_button&quot; disabled=&quot;true&quot;&gt;...&lt;/button&gt; is not clickable at point (1025, 48). Other element would receive the click: &lt;div class=&quot;webix_disabled&quot;&gt;&lt;/div&gt;
  (Session info: chrome=137.0.7151.104)
Build info: version: &apos;4.33.0&apos;, revision: &apos;2c6aaad03a&apos;
System info: os.name: &apos;Windows 10&apos;, os.arch: &apos;amd64&apos;, os.version: &apos;10.0&apos;, java.version: &apos;21.0.7&apos;
Driver info: org.openqa.selenium.chrome.ChromeDriver
Command: [6550957132f8547e6a491618d1b8fbac, clickElement {id=f.473761C3E84890658E740FD6827DD09B.d.9DDF0D3590073596115E8C5ED7B38B5C.e.1253}]
Capabilities {acceptInsecureCerts: false, browserName: chrome, browserVersion: 137.0.7151.104, chrome: {chromedriverVersion: 137.0.7151.68 (2989ffee9373..., userDataDir: C:\Users\Jeeva\AppData\Loca...}, fedcm:accounts: true, goog:chromeOptions: {debuggerAddress: localhost:52618}, networkConnectionEnabled: false, pageLoadStrategy: normal, platformName: windows, proxy: Proxy(), se:cdp: ws://localhost:52618/devtoo..., se:cdpVersion: 137.0.7151.104, setWindowRect: true, strictFileInteractability: false, timeouts: {implicit: 0, pageLoad: 300000, script: 30000}, unhandledPromptBehavior: dismiss and notify, webauthn:extension:credBlob: true, webauthn:extension:largeBlob: true, webauthn:extension:minPinLength: true, webauthn:extension:prf: true, webauthn:virtualAuthenticators: true}
Element: [[ChromeDriver: chrome on windows (6550957132f8547e6a491618d1b8fbac)] -&gt; xpath: //button[text()=&quot;Select&quot;]]
Session ID: 6550957132f8547e6a491618d1b8fbac
	at org.openqa.selenium.remote.ErrorCodec.decode(ErrorCodec.java:167)
	at org.openqa.selenium.remote.codec.w3c.W3CHttpResponseCodec.decode(W3CHttpResponseCodec.java:138)
	at org.openqa.selenium.remote.codec.w3c.W3CHttpResponseCodec.decode(W3CHttpResponseCodec.java:50)
	at org.openqa.selenium.remote.HttpCommandExecutor.execute(HttpCommandExecutor.java:215)
	at org.openqa.selenium.remote.service.DriverCommandExecutor.invokeExecute(DriverCommandExecutor.java:216)
	at org.openqa.selenium.remote.service.DriverCommandExecutor.execute(DriverCommandExecutor.java:174)
	at org.openqa.selenium.remote.RemoteWebDriver.execute(RemoteWebDriver.java:544)
	at org.openqa.selenium.remote.RemoteWebElement.execute(RemoteWebElement.java:223)
	at org.openqa.selenium.remote.RemoteWebElement.click(RemoteWebElement.java:76)
	at FO.Reservation_checkIN.test_print_registration_card_with_filters_TC_RC_01(Reservation_checkIN.java:446)
	at java.base/java.util.ArrayList.forEach(ArrayList.java:1596)
... Removed 28 stack frames
</div> <!-- stack-trace -->
                </div> <!-- method-content -->
              </div> <!-- method -->
              <div class="method">
                <div class="method-content">
                  <a name="test_verify_registration_card_and_email_after_checkin_TC_CI_04">
                  </a> <!-- test_verify_registration_card_and_email_after_checkin_TC_CI_04 -->
                  <span class="method-name">test_verify_registration_card_and_email_after_checkin_TC_CI_04</span>
                  <div class="stack-trace">org.openqa.selenium.ElementClickInterceptedException: element click intercepted: Element &lt;button type=&quot;button&quot; class=&quot;webix_button&quot; disabled=&quot;true&quot;&gt;...&lt;/button&gt; is not clickable at point (1025, 48). Other element would receive the click: &lt;div class=&quot;webix_disabled&quot;&gt;&lt;/div&gt;
  (Session info: chrome=137.0.7151.104)
Build info: version: &apos;4.33.0&apos;, revision: &apos;2c6aaad03a&apos;
System info: os.name: &apos;Windows 10&apos;, os.arch: &apos;amd64&apos;, os.version: &apos;10.0&apos;, java.version: &apos;21.0.7&apos;
Driver info: org.openqa.selenium.chrome.ChromeDriver
Command: [6550957132f8547e6a491618d1b8fbac, clickElement {id=f.473761C3E84890658E740FD6827DD09B.d.94F4F1188DD893C77476F6BA22E516B0.e.881}]
Capabilities {acceptInsecureCerts: false, browserName: chrome, browserVersion: 137.0.7151.104, chrome: {chromedriverVersion: 137.0.7151.68 (2989ffee9373..., userDataDir: C:\Users\Jeeva\AppData\Loca...}, fedcm:accounts: true, goog:chromeOptions: {debuggerAddress: localhost:52618}, networkConnectionEnabled: false, pageLoadStrategy: normal, platformName: windows, proxy: Proxy(), se:cdp: ws://localhost:52618/devtoo..., se:cdpVersion: 137.0.7151.104, setWindowRect: true, strictFileInteractability: false, timeouts: {implicit: 0, pageLoad: 300000, script: 30000}, unhandledPromptBehavior: dismiss and notify, webauthn:extension:credBlob: true, webauthn:extension:largeBlob: true, webauthn:extension:minPinLength: true, webauthn:extension:prf: true, webauthn:virtualAuthenticators: true}
Element: [[ChromeDriver: chrome on windows (6550957132f8547e6a491618d1b8fbac)] -&gt; xpath: //button[text()=&quot;Select&quot;]]
Session ID: 6550957132f8547e6a491618d1b8fbac
	at org.openqa.selenium.remote.ErrorCodec.decode(ErrorCodec.java:167)
	at org.openqa.selenium.remote.codec.w3c.W3CHttpResponseCodec.decode(W3CHttpResponseCodec.java:138)
	at org.openqa.selenium.remote.codec.w3c.W3CHttpResponseCodec.decode(W3CHttpResponseCodec.java:50)
	at org.openqa.selenium.remote.HttpCommandExecutor.execute(HttpCommandExecutor.java:215)
	at org.openqa.selenium.remote.service.DriverCommandExecutor.invokeExecute(DriverCommandExecutor.java:216)
	at org.openqa.selenium.remote.service.DriverCommandExecutor.execute(DriverCommandExecutor.java:174)
	at org.openqa.selenium.remote.RemoteWebDriver.execute(RemoteWebDriver.java:544)
	at org.openqa.selenium.remote.RemoteWebElement.execute(RemoteWebElement.java:223)
	at org.openqa.selenium.remote.RemoteWebElement.click(RemoteWebElement.java:76)
	at FO.Reservation_checkIN.test_verify_registration_card_and_email_after_checkin_TC_CI_04(Reservation_checkIN.java:300)
	at java.base/java.util.ArrayList.forEach(ArrayList.java:1596)
... Removed 28 stack frames
</div> <!-- stack-trace -->
                </div> <!-- method-content -->
              </div> <!-- method -->
            </div> <!-- main-panel-content rounded-window-bottom -->
          </div> <!-- suite-Test_Suite_with_Chart_Reporter-class-failed -->
          <div class="suite-Test_Suite_with_Chart_Reporter-class-failed">
            <div class="main-panel-header rounded-window-top">
              <img src="failed.png"/>
              <span class="class-name">FO.Login</span>
            </div> <!-- main-panel-header rounded-window-top -->
            <div class="main-panel-content rounded-window-bottom">
              <div class="method">
                <div class="method-content">
                  <a name="testnegativepassword">
                  </a> <!-- testnegativepassword -->
                  <span class="method-name">testnegativepassword</span>
                  <div class="stack-trace">org.openqa.selenium.StaleElementReferenceException: stale element reference: stale element not found
  (Session info: chrome=137.0.7151.104)
For documentation on this error, please visit: https://www.selenium.dev/documentation/webdriver/troubleshooting/errors#stale-element-reference-exception
Build info: version: &apos;4.33.0&apos;, revision: &apos;2c6aaad03a&apos;
System info: os.name: &apos;Windows 10&apos;, os.arch: &apos;amd64&apos;, os.version: &apos;10.0&apos;, java.version: &apos;21.0.7&apos;
Driver info: org.openqa.selenium.chrome.ChromeDriver
Command: [2e6deab8721d44eb4401ab1b5f0b7762, sendKeysToElement {value=[Ljava.lang.CharSequence;@4b21844c, id=f.39131F08B29DABD050D9B3B13353B8C1.d.41F8F217E9326523FDAE896F7B068FB7.e.131}]
Capabilities {acceptInsecureCerts: false, browserName: chrome, browserVersion: 137.0.7151.104, chrome: {chromedriverVersion: 137.0.7151.68 (2989ffee9373..., userDataDir: C:\Users\Jeeva\AppData\Loca...}, fedcm:accounts: true, goog:chromeOptions: {debuggerAddress: localhost:52309}, networkConnectionEnabled: false, pageLoadStrategy: normal, platformName: windows, proxy: Proxy(), se:cdp: ws://localhost:52309/devtoo..., se:cdpVersion: 137.0.7151.104, setWindowRect: true, strictFileInteractability: false, timeouts: {implicit: 0, pageLoad: 300000, script: 30000}, unhandledPromptBehavior: dismiss and notify, webauthn:extension:credBlob: true, webauthn:extension:largeBlob: true, webauthn:extension:minPinLength: true, webauthn:extension:prf: true, webauthn:virtualAuthenticators: true}
Element: [[ChromeDriver: chrome on windows (2e6deab8721d44eb4401ab1b5f0b7762)] -&gt; id: UserName]
Session ID: 2e6deab8721d44eb4401ab1b5f0b7762
	at org.openqa.selenium.remote.ErrorCodec.decode(ErrorCodec.java:167)
	at org.openqa.selenium.remote.codec.w3c.W3CHttpResponseCodec.decode(W3CHttpResponseCodec.java:138)
	at org.openqa.selenium.remote.codec.w3c.W3CHttpResponseCodec.decode(W3CHttpResponseCodec.java:50)
	at org.openqa.selenium.remote.HttpCommandExecutor.execute(HttpCommandExecutor.java:215)
	at org.openqa.selenium.remote.service.DriverCommandExecutor.invokeExecute(DriverCommandExecutor.java:216)
	at org.openqa.selenium.remote.service.DriverCommandExecutor.execute(DriverCommandExecutor.java:174)
	at org.openqa.selenium.remote.RemoteWebDriver.execute(RemoteWebDriver.java:544)
	at org.openqa.selenium.remote.RemoteWebElement.execute(RemoteWebElement.java:223)
	at org.openqa.selenium.remote.RemoteWebElement.sendKeys(RemoteWebElement.java:110)
	at FO.Login.testnegativepassword(Login.java:79)
	at java.base/java.util.ArrayList.forEach(ArrayList.java:1596)
... Removed 28 stack frames
</div> <!-- stack-trace -->
                </div> <!-- method-content -->
              </div> <!-- method -->
              <div class="method">
                <div class="method-content">
                  <a name="testnegativeuserid">
                  </a> <!-- testnegativeuserid -->
                  <span class="method-name">testnegativeuserid</span>
                  <div class="stack-trace">org.openqa.selenium.StaleElementReferenceException: stale element reference: stale element not found
  (Session info: chrome=137.0.7151.104)
For documentation on this error, please visit: https://www.selenium.dev/documentation/webdriver/troubleshooting/errors#stale-element-reference-exception
Build info: version: &apos;4.33.0&apos;, revision: &apos;2c6aaad03a&apos;
System info: os.name: &apos;Windows 10&apos;, os.arch: &apos;amd64&apos;, os.version: &apos;10.0&apos;, java.version: &apos;21.0.7&apos;
Driver info: org.openqa.selenium.chrome.ChromeDriver
Command: [2e6deab8721d44eb4401ab1b5f0b7762, sendKeysToElement {value=[Ljava.lang.CharSequence;@407cf41, id=f.39131F08B29DABD050D9B3B13353B8C1.d.6318375295CD89B9938F3A3022A18F67.e.195}]
Capabilities {acceptInsecureCerts: false, browserName: chrome, browserVersion: 137.0.7151.104, chrome: {chromedriverVersion: 137.0.7151.68 (2989ffee9373..., userDataDir: C:\Users\Jeeva\AppData\Loca...}, fedcm:accounts: true, goog:chromeOptions: {debuggerAddress: localhost:52309}, networkConnectionEnabled: false, pageLoadStrategy: normal, platformName: windows, proxy: Proxy(), se:cdp: ws://localhost:52309/devtoo..., se:cdpVersion: 137.0.7151.104, setWindowRect: true, strictFileInteractability: false, timeouts: {implicit: 0, pageLoad: 300000, script: 30000}, unhandledPromptBehavior: dismiss and notify, webauthn:extension:credBlob: true, webauthn:extension:largeBlob: true, webauthn:extension:minPinLength: true, webauthn:extension:prf: true, webauthn:virtualAuthenticators: true}
Element: [[ChromeDriver: chrome on windows (2e6deab8721d44eb4401ab1b5f0b7762)] -&gt; id: UserName]
Session ID: 2e6deab8721d44eb4401ab1b5f0b7762
	at org.openqa.selenium.remote.ErrorCodec.decode(ErrorCodec.java:167)
	at org.openqa.selenium.remote.codec.w3c.W3CHttpResponseCodec.decode(W3CHttpResponseCodec.java:138)
	at org.openqa.selenium.remote.codec.w3c.W3CHttpResponseCodec.decode(W3CHttpResponseCodec.java:50)
	at org.openqa.selenium.remote.HttpCommandExecutor.execute(HttpCommandExecutor.java:215)
	at org.openqa.selenium.remote.service.DriverCommandExecutor.invokeExecute(DriverCommandExecutor.java:216)
	at org.openqa.selenium.remote.service.DriverCommandExecutor.execute(DriverCommandExecutor.java:174)
	at org.openqa.selenium.remote.RemoteWebDriver.execute(RemoteWebDriver.java:544)
	at org.openqa.selenium.remote.RemoteWebElement.execute(RemoteWebElement.java:223)
	at org.openqa.selenium.remote.RemoteWebElement.sendKeys(RemoteWebElement.java:110)
	at FO.Login.testnegativeuserid(Login.java:58)
	at java.base/java.util.ArrayList.forEach(ArrayList.java:1596)
... Removed 28 stack frames
</div> <!-- stack-trace -->
                </div> <!-- method-content -->
              </div> <!-- method -->
              <div class="method">
                <div class="method-content">
                  <a name="testpositivepassword">
                  </a> <!-- testpositivepassword -->
                  <span class="method-name">testpositivepassword</span>
                  <div class="stack-trace">org.openqa.selenium.StaleElementReferenceException: stale element reference: stale element not found
  (Session info: chrome=137.0.7151.104)
For documentation on this error, please visit: https://www.selenium.dev/documentation/webdriver/troubleshooting/errors#stale-element-reference-exception
Build info: version: &apos;4.33.0&apos;, revision: &apos;2c6aaad03a&apos;
System info: os.name: &apos;Windows 10&apos;, os.arch: &apos;amd64&apos;, os.version: &apos;10.0&apos;, java.version: &apos;21.0.7&apos;
Driver info: org.openqa.selenium.chrome.ChromeDriver
Command: [2e6deab8721d44eb4401ab1b5f0b7762, sendKeysToElement {value=[Ljava.lang.CharSequence;@21a5fd96, id=f.39131F08B29DABD050D9B3B13353B8C1.d.9463921FDC06A224248C1D3491810A7F.e.255}]
Capabilities {acceptInsecureCerts: false, browserName: chrome, browserVersion: 137.0.7151.104, chrome: {chromedriverVersion: 137.0.7151.68 (2989ffee9373..., userDataDir: C:\Users\Jeeva\AppData\Loca...}, fedcm:accounts: true, goog:chromeOptions: {debuggerAddress: localhost:52309}, networkConnectionEnabled: false, pageLoadStrategy: normal, platformName: windows, proxy: Proxy(), se:cdp: ws://localhost:52309/devtoo..., se:cdpVersion: 137.0.7151.104, setWindowRect: true, strictFileInteractability: false, timeouts: {implicit: 0, pageLoad: 300000, script: 30000}, unhandledPromptBehavior: dismiss and notify, webauthn:extension:credBlob: true, webauthn:extension:largeBlob: true, webauthn:extension:minPinLength: true, webauthn:extension:prf: true, webauthn:virtualAuthenticators: true}
Element: [[ChromeDriver: chrome on windows (2e6deab8721d44eb4401ab1b5f0b7762)] -&gt; id: UserName]
Session ID: 2e6deab8721d44eb4401ab1b5f0b7762
	at org.openqa.selenium.remote.ErrorCodec.decode(ErrorCodec.java:167)
	at org.openqa.selenium.remote.codec.w3c.W3CHttpResponseCodec.decode(W3CHttpResponseCodec.java:138)
	at org.openqa.selenium.remote.codec.w3c.W3CHttpResponseCodec.decode(W3CHttpResponseCodec.java:50)
	at org.openqa.selenium.remote.HttpCommandExecutor.execute(HttpCommandExecutor.java:215)
	at org.openqa.selenium.remote.service.DriverCommandExecutor.invokeExecute(DriverCommandExecutor.java:216)
	at org.openqa.selenium.remote.service.DriverCommandExecutor.execute(DriverCommandExecutor.java:174)
	at org.openqa.selenium.remote.RemoteWebDriver.execute(RemoteWebDriver.java:544)
	at org.openqa.selenium.remote.RemoteWebElement.execute(RemoteWebElement.java:223)
	at org.openqa.selenium.remote.RemoteWebElement.sendKeys(RemoteWebElement.java:110)
	at FO.Login.testpositivepassword(Login.java:89)
	at java.base/java.util.ArrayList.forEach(ArrayList.java:1596)
... Removed 28 stack frames
</div> <!-- stack-trace -->
                </div> <!-- method-content -->
              </div> <!-- method -->
              <div class="method">
                <div class="method-content">
                  <a name="testpositiveuserid">
                  </a> <!-- testpositiveuserid -->
                  <span class="method-name">testpositiveuserid</span>
                  <div class="stack-trace">org.openqa.selenium.StaleElementReferenceException: stale element reference: stale element not found
  (Session info: chrome=137.0.7151.104)
For documentation on this error, please visit: https://www.selenium.dev/documentation/webdriver/troubleshooting/errors#stale-element-reference-exception
Build info: version: &apos;4.33.0&apos;, revision: &apos;2c6aaad03a&apos;
System info: os.name: &apos;Windows 10&apos;, os.arch: &apos;amd64&apos;, os.version: &apos;10.0&apos;, java.version: &apos;21.0.7&apos;
Driver info: org.openqa.selenium.chrome.ChromeDriver
Command: [2e6deab8721d44eb4401ab1b5f0b7762, sendKeysToElement {value=[Ljava.lang.CharSequence;@65f87a2c, id=f.39131F08B29DABD050D9B3B13353B8C1.d.FCD9B4BEDC8ABCE7AD2CE274DDD5C141.e.312}]
Capabilities {acceptInsecureCerts: false, browserName: chrome, browserVersion: 137.0.7151.104, chrome: {chromedriverVersion: 137.0.7151.68 (2989ffee9373..., userDataDir: C:\Users\Jeeva\AppData\Loca...}, fedcm:accounts: true, goog:chromeOptions: {debuggerAddress: localhost:52309}, networkConnectionEnabled: false, pageLoadStrategy: normal, platformName: windows, proxy: Proxy(), se:cdp: ws://localhost:52309/devtoo..., se:cdpVersion: 137.0.7151.104, setWindowRect: true, strictFileInteractability: false, timeouts: {implicit: 0, pageLoad: 300000, script: 30000}, unhandledPromptBehavior: dismiss and notify, webauthn:extension:credBlob: true, webauthn:extension:largeBlob: true, webauthn:extension:minPinLength: true, webauthn:extension:prf: true, webauthn:virtualAuthenticators: true}
Element: [[ChromeDriver: chrome on windows (2e6deab8721d44eb4401ab1b5f0b7762)] -&gt; id: UserName]
Session ID: 2e6deab8721d44eb4401ab1b5f0b7762
	at org.openqa.selenium.remote.ErrorCodec.decode(ErrorCodec.java:167)
	at org.openqa.selenium.remote.codec.w3c.W3CHttpResponseCodec.decode(W3CHttpResponseCodec.java:138)
	at org.openqa.selenium.remote.codec.w3c.W3CHttpResponseCodec.decode(W3CHttpResponseCodec.java:50)
	at org.openqa.selenium.remote.HttpCommandExecutor.execute(HttpCommandExecutor.java:215)
	at org.openqa.selenium.remote.service.DriverCommandExecutor.invokeExecute(DriverCommandExecutor.java:216)
	at org.openqa.selenium.remote.service.DriverCommandExecutor.execute(DriverCommandExecutor.java:174)
	at org.openqa.selenium.remote.RemoteWebDriver.execute(RemoteWebDriver.java:544)
	at org.openqa.selenium.remote.RemoteWebElement.execute(RemoteWebElement.java:223)
	at org.openqa.selenium.remote.RemoteWebElement.sendKeys(RemoteWebElement.java:110)
	at FO.Login.testpositiveuserid(Login.java:67)
	at java.base/java.util.ArrayList.forEach(ArrayList.java:1596)
... Removed 28 stack frames
</div> <!-- stack-trace -->
                </div> <!-- method-content -->
              </div> <!-- method -->
            </div> <!-- main-panel-content rounded-window-bottom -->
          </div> <!-- suite-Test_Suite_with_Chart_Reporter-class-failed -->
          <div class="suite-Test_Suite_with_Chart_Reporter-class-passed">
            <div class="main-panel-header rounded-window-top">
              <img src="passed.png"/>
              <span class="class-name">FO.Reservation</span>
            </div> <!-- main-panel-header rounded-window-top -->
            <div class="main-panel-content rounded-window-bottom">
              <div class="method">
                <div class="method-content">
                  <a name="Test_Registration_page">
                  </a> <!-- Test_Registration_page -->
                  <span class="method-name">Test_Registration_page</span>
                </div> <!-- method-content -->
              </div> <!-- method -->
              <div class="method">
                <div class="method-content">
                  <a name="Test_Sucessfull_Login">
                  </a> <!-- Test_Sucessfull_Login -->
                  <span class="method-name">Test_Sucessfull_Login</span>
                </div> <!-- method-content -->
              </div> <!-- method -->
              <div class="method">
                <div class="method-content">
                  <a name="test_addon_reservation_after_account_date_TC_RS_10">
                  </a> <!-- test_addon_reservation_after_account_date_TC_RS_10 -->
                  <span class="method-name">test_addon_reservation_after_account_date_TC_RS_10</span>
                </div> <!-- method-content -->
              </div> <!-- method -->
              <div class="method">
                <div class="method-content">
                  <a name="test_cancel_reservation_with_reason_TC_RS_04">
                  </a> <!-- test_cancel_reservation_with_reason_TC_RS_04 -->
                  <span class="method-name">test_cancel_reservation_with_reason_TC_RS_04</span>
                </div> <!-- method-content -->
              </div> <!-- method -->
              <div class="method">
                <div class="method-content">
                  <a name="test_create_addon_reservation_from_existing_TC_RS_06">
                  </a> <!-- test_create_addon_reservation_from_existing_TC_RS_06 -->
                  <span class="method-name">test_create_addon_reservation_from_existing_TC_RS_06</span>
                </div> <!-- method-content -->
              </div> <!-- method -->
              <div class="method">
                <div class="method-content">
                  <a name="test_create_reservation_new_mode_mandatory_fields_TC_RS_01">
                  </a> <!-- test_create_reservation_new_mode_mandatory_fields_TC_RS_01 -->
                  <span class="method-name">test_create_reservation_new_mode_mandatory_fields_TC_RS_01</span>
                </div> <!-- method-content -->
              </div> <!-- method -->
              <div class="method">
                <div class="method-content">
                  <a name="test_ledger_transactions_modify_open_mode_TC_RS_12">
                  </a> <!-- test_ledger_transactions_modify_open_mode_TC_RS_12 -->
                  <span class="method-name">test_ledger_transactions_modify_open_mode_TC_RS_12</span>
                </div> <!-- method-content -->
              </div> <!-- method -->
              <div class="method">
                <div class="method-content">
                  <a name="test_ledger_transactions_modify_open_mode_TC_RS_12_Advance">
                  </a> <!-- test_ledger_transactions_modify_open_mode_TC_RS_12_Advance -->
                  <span class="method-name">test_ledger_transactions_modify_open_mode_TC_RS_12_Advance</span>
                </div> <!-- method-content -->
              </div> <!-- method -->
              <div class="method">
                <div class="method-content">
                  <a name="test_open_and_amend_saved_reservation_TC_RS_02">
                  </a> <!-- test_open_and_amend_saved_reservation_TC_RS_02 -->
                  <span class="method-name">test_open_and_amend_saved_reservation_TC_RS_02</span>
                </div> <!-- method-content -->
              </div> <!-- method -->
              <div class="method">
                <div class="method-content">
                  <a name="test_reinstate_cancelled_reservation_TC_RS_08">
                  </a> <!-- test_reinstate_cancelled_reservation_TC_RS_08 -->
                  <span class="method-name">test_reinstate_cancelled_reservation_TC_RS_08</span>
                </div> <!-- method-content -->
              </div> <!-- method -->
              <div class="method">
                <div class="method-content">
                  <a name="test_verify_cancelled_reservation_visibility_TC_RS_05">
                  </a> <!-- test_verify_cancelled_reservation_visibility_TC_RS_05 -->
                  <span class="method-name">test_verify_cancelled_reservation_visibility_TC_RS_05</span>
                </div> <!-- method-content -->
              </div> <!-- method -->
              <div class="method">
                <div class="method-content">
                  <a name="test_verify_reservation_view_mode_TC_RS_11">
                  </a> <!-- test_verify_reservation_view_mode_TC_RS_11 -->
                  <span class="method-name">test_verify_reservation_view_mode_TC_RS_11</span>
                </div> <!-- method-content -->
              </div> <!-- method -->
            </div> <!-- main-panel-content rounded-window-bottom -->
          </div> <!-- suite-Test_Suite_with_Chart_Reporter-class-passed -->
          <div class="suite-Test_Suite_with_Chart_Reporter-class-passed">
            <div class="main-panel-header rounded-window-top">
              <img src="passed.png"/>
              <span class="class-name">FO.Reservation_checkIN</span>
            </div> <!-- main-panel-header rounded-window-top -->
            <div class="main-panel-content rounded-window-bottom">
              <div class="method">
                <div class="method-content">
                  <a name="Test_Sucessfull_Login">
                  </a> <!-- Test_Sucessfull_Login -->
                  <span class="method-name">Test_Sucessfull_Login</span>
                </div> <!-- method-content -->
              </div> <!-- method -->
              <div class="method">
                <div class="method-content">
                  <a name="test_checkin_allowed_on_matching_arrival_and_account_date_TC_CI_01">
                  </a> <!-- test_checkin_allowed_on_matching_arrival_and_account_date_TC_CI_01 -->
                  <span class="method-name">test_checkin_allowed_on_matching_arrival_and_account_date_TC_CI_01</span>
                </div> <!-- method-content -->
              </div> <!-- method -->
              <div class="method">
                <div class="method-content">
                  <a name="test_create_walkin_reservation_and_checkin_TC_WI_01">
                  </a> <!-- test_create_walkin_reservation_and_checkin_TC_WI_01 -->
                  <span class="method-name">test_create_walkin_reservation_and_checkin_TC_WI_01</span>
                </div> <!-- method-content -->
              </div> <!-- method -->
              <div class="method">
                <div class="method-content">
                  <a name="test_perform_checkin_on_matching_dates_TC_CI_02">
                  </a> <!-- test_perform_checkin_on_matching_dates_TC_CI_02 -->
                  <span class="method-name">test_perform_checkin_on_matching_dates_TC_CI_02</span>
                </div> <!-- method-content -->
              </div> <!-- method -->
            </div> <!-- main-panel-content rounded-window-bottom -->
          </div> <!-- suite-Test_Suite_with_Chart_Reporter-class-passed -->
          <div class="suite-Test_Suite_with_Chart_Reporter-class-passed">
            <div class="main-panel-header rounded-window-top">
              <img src="passed.png"/>
              <span class="class-name">FO.Login</span>
            </div> <!-- main-panel-header rounded-window-top -->
            <div class="main-panel-content rounded-window-bottom">
              <div class="method">
                <div class="method-content">
                  <a name="testloginpage">
                  </a> <!-- testloginpage -->
                  <span class="method-name">testloginpage</span>
                </div> <!-- method-content -->
              </div> <!-- method -->
              <div class="method">
                <div class="method-content">
                  <a name="testnegativelogin">
                  </a> <!-- testnegativelogin -->
                  <span class="method-name">testnegativelogin</span>
                </div> <!-- method-content -->
              </div> <!-- method -->
            </div> <!-- main-panel-content rounded-window-bottom -->
          </div> <!-- suite-Test_Suite_with_Chart_Reporter-class-passed -->
        </div> <!-- panel Test_Suite_with_Chart_Reporter -->
        <div panel-name="test-xml-Test_Suite_with_Chart_Reporter" class="panel">
          <div class="main-panel-header rounded-window-top">
            <span class="header-content">C:\Users\Jeeva\eclipse-workspace\Wincloud\testing.xml</span>
          </div> <!-- main-panel-header rounded-window-top -->
          <div class="main-panel-content rounded-window-bottom">
            <pre>
&lt;?xml version=&quot;1.0&quot; encoding=&quot;UTF-8&quot;?&gt;
&lt;!DOCTYPE suite SYSTEM &quot;https://testng.org/testng-1.0.dtd&quot;&gt;
&lt;suite name=&quot;Test Suite with Chart Reporter&quot; guice-stage=&quot;DEVELOPMENT&quot;&gt;
  &lt;listeners&gt;
    &lt;listener class-name=&quot;FO.CustomGraphReporter&quot;/&gt;
    &lt;listener class-name=&quot;FO.ExcelTestListener&quot;/&gt;
    &lt;listener class-name=&quot;FO.ChartReporter&quot;/&gt;
  &lt;/listeners&gt;
  &lt;test thread-count=&quot;5&quot; name=&quot;Login Test Cases&quot;&gt;
    &lt;classes&gt;
      &lt;class name=&quot;FO.Login&quot;/&gt;
      &lt;class name=&quot;FO.Reservation&quot;/&gt;
      &lt;class name=&quot;FO.Reservation_checkIN&quot;/&gt;
    &lt;/classes&gt;
  &lt;/test&gt; &lt;!-- Login Test Cases --&gt;
&lt;/suite&gt; &lt;!-- Test Suite with Chart Reporter --&gt;
            </pre>
          </div> <!-- main-panel-content rounded-window-bottom -->
        </div> <!-- panel -->
        <div panel-name="testlist-Test_Suite_with_Chart_Reporter" class="panel">
          <div class="main-panel-header rounded-window-top">
            <span class="header-content">Tests for Test Suite with Chart Reporter</span>
          </div> <!-- main-panel-header rounded-window-top -->
          <div class="main-panel-content rounded-window-bottom">
            <ul>
              <li>
                <span class="test-name">Login Test Cases (3 classes)</span>
              </li>
            </ul>
          </div> <!-- main-panel-content rounded-window-bottom -->
        </div> <!-- panel -->
        <div panel-name="group-Test_Suite_with_Chart_Reporter" class="panel">
          <div class="main-panel-header rounded-window-top">
            <span class="header-content">Groups for Test Suite with Chart Reporter</span>
          </div> <!-- main-panel-header rounded-window-top -->
          <div class="main-panel-content rounded-window-bottom">
          </div> <!-- main-panel-content rounded-window-bottom -->
        </div> <!-- panel -->
        <div panel-name="times-Test_Suite_with_Chart_Reporter" class="panel">
          <div class="main-panel-header rounded-window-top">
            <span class="header-content">Times for Test Suite with Chart Reporter</span>
          </div> <!-- main-panel-header rounded-window-top -->
          <div class="main-panel-content rounded-window-bottom">
            <div class="times-div">
              <script type="text/javascript">
suiteTableInitFunctions.push('tableData_Test_Suite_with_Chart_Reporter');
function tableData_Test_Suite_with_Chart_Reporter() {
var data = new google.visualization.DataTable();
data.addColumn('number', 'Number');
data.addColumn('string', 'Method');
data.addColumn('string', 'Class');
data.addColumn('number', 'Time (ms)');
data.addRows(26);
data.setCell(0, 0, 0)
data.setCell(0, 1, 'test_print_registration_card_with_filters_TC_RC_01')
data.setCell(0, 2, 'FO.Reservation_checkIN')
data.setCell(0, 3, 199370);
data.setCell(1, 0, 1)
data.setCell(1, 1, 'test_reinstate_cancelled_reservation_TC_RS_08')
data.setCell(1, 2, 'FO.Reservation')
data.setCell(1, 3, 69990);
data.setCell(2, 0, 2)
data.setCell(2, 1, 'test_ledger_transactions_modify_open_mode_TC_RS_12')
data.setCell(2, 2, 'FO.Reservation')
data.setCell(2, 3, 57664);
data.setCell(3, 0, 3)
data.setCell(3, 1, 'test_ledger_transactions_modify_open_mode_TC_RS_12_Advance')
data.setCell(3, 2, 'FO.Reservation')
data.setCell(3, 3, 56515);
data.setCell(4, 0, 4)
data.setCell(4, 1, 'test_verify_updated_details_open_mode_TC_RS_03')
data.setCell(4, 2, 'FO.Reservation')
data.setCell(4, 3, 54183);
data.setCell(5, 0, 5)
data.setCell(5, 1, 'test_verify_cancelled_reservation_visibility_TC_RS_05')
data.setCell(5, 2, 'FO.Reservation')
data.setCell(5, 3, 50939);
data.setCell(6, 0, 6)
data.setCell(6, 1, 'test_addon_reservation_after_account_date_TC_RS_10')
data.setCell(6, 2, 'FO.Reservation')
data.setCell(6, 3, 46234);
data.setCell(7, 0, 7)
data.setCell(7, 1, 'test_checkin_allowed_on_matching_arrival_and_account_date_TC_CI_01')
data.setCell(7, 2, 'FO.Reservation_checkIN')
data.setCell(7, 3, 45961);
data.setCell(8, 0, 8)
data.setCell(8, 1, 'test_open_and_amend_saved_reservation_TC_RS_02')
data.setCell(8, 2, 'FO.Reservation')
data.setCell(8, 3, 37243);
data.setCell(9, 0, 9)
data.setCell(9, 1, 'test_verify_registration_card_and_email_after_checkin_TC_CI_04')
data.setCell(9, 2, 'FO.Reservation_checkIN')
data.setCell(9, 3, 35756);
data.setCell(10, 0, 10)
data.setCell(10, 1, 'test_perform_checkin_on_matching_dates_TC_CI_02')
data.setCell(10, 2, 'FO.Reservation_checkIN')
data.setCell(10, 3, 28263);
data.setCell(11, 0, 11)
data.setCell(11, 1, 'test_cancel_reservation_with_reason_TC_RS_04')
data.setCell(11, 2, 'FO.Reservation')
data.setCell(11, 3, 22219);
data.setCell(12, 0, 12)
data.setCell(12, 1, 'test_verify_reservation_view_mode_TC_RS_11')
data.setCell(12, 2, 'FO.Reservation')
data.setCell(12, 3, 19496);
data.setCell(13, 0, 13)
data.setCell(13, 1, 'test_create_walkin_reservation_and_checkin_TC_WI_01')
data.setCell(13, 2, 'FO.Reservation_checkIN')
data.setCell(13, 3, 18450);
data.setCell(14, 0, 14)
data.setCell(14, 1, 'test_split_reservation_multiple_rooms_TC_RS_07')
data.setCell(14, 2, 'FO.Reservation')
data.setCell(14, 3, 18212);
data.setCell(15, 0, 15)
data.setCell(15, 1, 'test_create_addon_reservation_from_existing_TC_RS_06')
data.setCell(15, 2, 'FO.Reservation')
data.setCell(15, 3, 13220);
data.setCell(16, 0, 16)
data.setCell(16, 1, 'test_create_reservation_new_mode_mandatory_fields_TC_RS_01')
data.setCell(16, 2, 'FO.Reservation')
data.setCell(16, 3, 8772);
data.setCell(17, 0, 17)
data.setCell(17, 1, 'Test_Sucessfull_Login')
data.setCell(17, 2, 'FO.Reservation_checkIN')
data.setCell(17, 3, 3415);
data.setCell(18, 0, 18)
data.setCell(18, 1, 'Test_Sucessfull_Login')
data.setCell(18, 2, 'FO.Reservation')
data.setCell(18, 3, 3399);
data.setCell(19, 0, 19)
data.setCell(19, 1, 'Test_Registration_page')
data.setCell(19, 2, 'FO.Reservation')
data.setCell(19, 3, 2834);
data.setCell(20, 0, 20)
data.setCell(20, 1, 'testloginpage')
data.setCell(20, 2, 'FO.Login')
data.setCell(20, 3, 790);
data.setCell(21, 0, 21)
data.setCell(21, 1, 'testnegativelogin')
data.setCell(21, 2, 'FO.Login')
data.setCell(21, 3, 745);
data.setCell(22, 0, 22)
data.setCell(22, 1, 'testnegativepassword')
data.setCell(22, 2, 'FO.Login')
data.setCell(22, 3, 208);
data.setCell(23, 0, 23)
data.setCell(23, 1, 'testpositiveuserid')
data.setCell(23, 2, 'FO.Login')
data.setCell(23, 3, 161);
data.setCell(24, 0, 24)
data.setCell(24, 1, 'testpositivepassword')
data.setCell(24, 2, 'FO.Login')
data.setCell(24, 3, 138);
data.setCell(25, 0, 25)
data.setCell(25, 1, 'testnegativeuserid')
data.setCell(25, 2, 'FO.Login')
data.setCell(25, 3, 134);
window.suiteTableData['Test_Suite_with_Chart_Reporter']= { tableData: data, tableDiv: 'times-div-Test_Suite_with_Chart_Reporter'}
return data;
}
              </script>
              <span class="suite-total-time">Total running time: 13 minutes</span>
              <div id="times-div-Test_Suite_with_Chart_Reporter">
              </div> <!-- times-div-Test_Suite_with_Chart_Reporter -->
            </div> <!-- times-div -->
          </div> <!-- main-panel-content rounded-window-bottom -->
        </div> <!-- panel -->
        <div panel-name="reporter-Test_Suite_with_Chart_Reporter" class="panel">
          <div class="main-panel-header rounded-window-top">
            <span class="header-content">Reporter output for Test Suite with Chart Reporter</span>
          </div> <!-- main-panel-header rounded-window-top -->
          <div class="main-panel-content rounded-window-bottom">
          </div> <!-- main-panel-content rounded-window-bottom -->
        </div> <!-- panel -->
        <div panel-name="ignored-methods-Test_Suite_with_Chart_Reporter" class="panel">
          <div class="main-panel-header rounded-window-top">
            <span class="header-content">0 ignored methods</span>
          </div> <!-- main-panel-header rounded-window-top -->
          <div class="main-panel-content rounded-window-bottom">
          </div> <!-- main-panel-content rounded-window-bottom -->
        </div> <!-- panel -->
        <div panel-name="chronological-Test_Suite_with_Chart_Reporter" class="panel">
          <div class="main-panel-header rounded-window-top">
            <span class="header-content">Methods in chronological order</span>
          </div> <!-- main-panel-header rounded-window-top -->
          <div class="main-panel-content rounded-window-bottom">
            <div class="chronological-class">
              <div class="chronological-class-name">FO.Login</div> <!-- chronological-class-name -->
              <div class="configuration-class before">
                <span class="method-name">setup</span>
                <span class="method-start">0 ms</span>
              </div> <!-- configuration-class before -->
              <div class="configuration-method before">
                <span class="method-name">loadLoginPage</span>
                <span class="method-start">1624 ms</span>
              </div> <!-- configuration-method before -->
              <div class="test-method">
                <span class="method-name">testloginpage</span>
                <span class="method-start">2666 ms</span>
              </div> <!-- test-method -->
              <div class="configuration-method before">
                <span class="method-name">loadLoginPage</span>
                <span class="method-start">3462 ms</span>
              </div> <!-- configuration-method before -->
              <div class="test-method">
                <span class="method-name">testnegativelogin</span>
                <span class="method-start">3841 ms</span>
              </div> <!-- test-method -->
              <div class="configuration-method before">
                <span class="method-name">loadLoginPage</span>
                <span class="method-start">4588 ms</span>
              </div> <!-- configuration-method before -->
              <div class="test-method">
                <img src="failed.png">
                </img>
                <span class="method-name">testnegativepassword</span>
                <span class="method-start">4742 ms</span>
              </div> <!-- test-method -->
              <div class="configuration-method before">
                <span class="method-name">loadLoginPage</span>
                <span class="method-start">4956 ms</span>
              </div> <!-- configuration-method before -->
              <div class="test-method">
                <img src="failed.png">
                </img>
                <span class="method-name">testnegativeuserid</span>
                <span class="method-start">5114 ms</span>
              </div> <!-- test-method -->
              <div class="configuration-method before">
                <span class="method-name">loadLoginPage</span>
                <span class="method-start">5252 ms</span>
              </div> <!-- configuration-method before -->
              <div class="test-method">
                <img src="failed.png">
                </img>
                <span class="method-name">testpositivepassword</span>
                <span class="method-start">5386 ms</span>
              </div> <!-- test-method -->
              <div class="configuration-method before">
                <span class="method-name">loadLoginPage</span>
                <span class="method-start">5530 ms</span>
              </div> <!-- configuration-method before -->
              <div class="test-method">
                <img src="failed.png">
                </img>
                <span class="method-name">testpositiveuserid</span>
                <span class="method-start">5695 ms</span>
              </div> <!-- test-method -->
              <div class="configuration-class after">
                <span class="method-name">tearDown</span>
                <span class="method-start">5858 ms</span>
              </div> <!-- configuration-class after -->
            </div> <!-- chronological-class -->
            <div class="chronological-class">
              <div class="chronological-class-name">FO.Reservation</div> <!-- chronological-class-name -->
              <div class="configuration-class before">
                <span class="method-name">setup</span>
                <span class="method-start">6035 ms</span>
              </div> <!-- configuration-class before -->
              <div class="test-method">
                <span class="method-name">Test_Sucessfull_Login</span>
                <span class="method-start">7009 ms</span>
              </div> <!-- test-method -->
              <div class="test-method">
                <span class="method-name">Test_Registration_page</span>
                <span class="method-start">10411 ms</span>
              </div> <!-- test-method -->
              <div class="test-method">
                <span class="method-name">test_create_reservation_new_mode_mandatory_fields_TC_RS_01</span>
                <span class="method-start">13247 ms</span>
              </div> <!-- test-method -->
              <div class="test-method">
                <span class="method-name">test_open_and_amend_saved_reservation_TC_RS_02</span>
                <span class="method-start">22021 ms</span>
              </div> <!-- test-method -->
              <div class="test-method">
                <img src="failed.png">
                </img>
                <span class="method-name">test_verify_updated_details_open_mode_TC_RS_03</span>
                <span class="method-start">59266 ms</span>
              </div> <!-- test-method -->
              <div class="test-method">
                <span class="method-name">test_cancel_reservation_with_reason_TC_RS_04</span>
                <span class="method-start">113675 ms</span>
              </div> <!-- test-method -->
              <div class="test-method">
                <span class="method-name">test_verify_cancelled_reservation_visibility_TC_RS_05</span>
                <span class="method-start">135896 ms</span>
              </div> <!-- test-method -->
              <div class="test-method">
                <span class="method-name">test_create_addon_reservation_from_existing_TC_RS_06</span>
                <span class="method-start">186837 ms</span>
              </div> <!-- test-method -->
              <div class="test-method">
                <span class="method-name">test_verify_reservation_view_mode_TC_RS_11</span>
                <span class="method-start">200059 ms</span>
              </div> <!-- test-method -->
              <div class="test-method">
                <span class="method-name">test_reinstate_cancelled_reservation_TC_RS_08</span>
                <span class="method-start">219558 ms</span>
              </div> <!-- test-method -->
              <div class="test-method">
                <span class="method-name">test_addon_reservation_after_account_date_TC_RS_10</span>
                <span class="method-start">289552 ms</span>
              </div> <!-- test-method -->
              <div class="test-method">
                <img src="failed.png">
                </img>
                <span class="method-name">test_split_reservation_multiple_rooms_TC_RS_07</span>
                <span class="method-start">335787 ms</span>
              </div> <!-- test-method -->
              <div class="test-method">
                <span class="method-name">test_ledger_transactions_modify_open_mode_TC_RS_12</span>
                <span class="method-start">354115 ms</span>
              </div> <!-- test-method -->
              <div class="test-method">
                <span class="method-name">test_ledger_transactions_modify_open_mode_TC_RS_12_Advance</span>
                <span class="method-start">411781 ms</span>
              </div> <!-- test-method -->
              <div class="configuration-class after">
                <span class="method-name">tearDown</span>
                <span class="method-start">468297 ms</span>
              </div> <!-- configuration-class after -->
            </div> <!-- chronological-class -->
            <div class="chronological-class">
              <div class="chronological-class-name">FO.Reservation_checkIN</div> <!-- chronological-class-name -->
              <div class="configuration-class before">
                <span class="method-name">setup</span>
                <span class="method-start">468590 ms</span>
              </div> <!-- configuration-class before -->
              <div class="test-method">
                <span class="method-name">Test_Sucessfull_Login</span>
                <span class="method-start">469733 ms</span>
              </div> <!-- test-method -->
              <div class="test-method">
                <span class="method-name">test_checkin_allowed_on_matching_arrival_and_account_date_TC_CI_01</span>
                <span class="method-start">473150 ms</span>
              </div> <!-- test-method -->
              <div class="test-method">
                <span class="method-name">test_perform_checkin_on_matching_dates_TC_CI_02</span>
                <span class="method-start">519113 ms</span>
              </div> <!-- test-method -->
              <div class="test-method">
                <img src="failed.png">
                </img>
                <span class="method-name">test_verify_registration_card_and_email_after_checkin_TC_CI_04</span>
                <span class="method-start">547377 ms</span>
              </div> <!-- test-method -->
              <div class="test-method">
                <span class="method-name">test_create_walkin_reservation_and_checkin_TC_WI_01</span>
                <span class="method-start">583251 ms</span>
              </div> <!-- test-method -->
              <div class="test-method">
                <img src="failed.png">
                </img>
                <span class="method-name">test_print_registration_card_with_filters_TC_RC_01</span>
                <span class="method-start">601703 ms</span>
              </div> <!-- test-method -->
          </div> <!-- main-panel-content rounded-window-bottom -->
        </div> <!-- panel -->
      </div> <!-- main-panel-root -->
    </div> <!-- wrapper -->
  </body>
<script type="text/javascript" src="testng-reports2.js"></script>
</html>
